{"level":"INFO","message":"[2:50:04.967 PM]: Creating new connection object"}
{"level":"INFO","message":"[2:50:04.996 PM]: Creating Connection[id: efd32159-165e-486e-a708-040e8fa6de29] with host: pppxlve-ynb88788.snowflakecomputing.com.snowflakecomputing.com, account: pppxlve-ynb88788, accessUrl: https://pppxlve-ynb88788.snowflakecomputing.com.snowflakecomputing.com, user: multiquip_app_user, password is provided, role: undefined, database: MULTIQUIP_DB, schema: CONSTRUCTION, warehouse: MULTIQUIP_WH, region: snowflakecomputing.com, authenticator: SNOWFLAKE, ocsp mode: FAIL_OPEN, os: win32, os version: 10.0.22631"}
{"level":"INFO","message":"[2:50:04.998 PM]: Connection[id: efd32159-165e-486e-a708-040e8fa6de29] additional details: passcode in password is provided, passcode is not provided, private key is not provided, application: undefined, client name: snowflake-sdk, client version: 1.15.0, retry timeout: 300, private key path: undefined, private key pass is not provided, client store temporary credential: false, browser response timeout: 120000"}
{"level":"INFO","message":"[2:50:05.000 PM]: Connection[id: efd32159-165e-486e-a708-040e8fa6de29] - connection object created successfully."}
{"level":"INFO","message":"[2:50:05.001 PM]: Connection[id: efd32159-165e-486e-a708-040e8fa6de29] - connecting. Associated Snowflake domain: GLOBAL"}
{"level":"INFO","message":"[2:50:05.003 PM]: Connection[id: efd32159-165e-486e-a708-040e8fa6de29] - authentication successful using: SNOWFLAKE"}
{"level":"INFO","message":"[2:50:05.005 PM]: Trying to initialize Easy Logging"}
{"level":"INFO","message":"[2:50:05.013 PM]: No client config detected."}
{"level":"INFO","message":"[2:50:05.014 PM]: No config file path found. Client config will not be used."}
{"level":"INFO","message":"[2:50:05.016 PM]: Easy Logging is disabled as no config has been found"}
{"level":"INFO","message":"[2:50:05.025 PM]: Connection[id: efd32159-165e-486e-a708-040e8fa6de29] - connected successfully after 23.68979999999283 milliseconds"}
{"level":"INFO","message":"[2:50:34.758 PM]: Creating new connection object"}
{"level":"INFO","message":"[2:50:34.760 PM]: Creating Connection[id: 03e077c2-3dc7-4a39-a4c0-5077bbd8f934] with host: pppxlve-ynb88788.snowflakecomputing.com.snowflakecomputing.com, account: pppxlve-ynb88788, accessUrl: https://pppxlve-ynb88788.snowflakecomputing.com.snowflakecomputing.com, user: multiquip_app_user, password is provided, role: undefined, database: MULTIQUIP_DB, schema: CONSTRUCTION, warehouse: MULTIQUIP_WH, region: snowflakecomputing.com, authenticator: SNOWFLAKE, ocsp mode: FAIL_OPEN, os: win32, os version: 10.0.22631"}
{"level":"INFO","message":"[2:50:34.760 PM]: Connection[id: 03e077c2-3dc7-4a39-a4c0-5077bbd8f934] additional details: passcode in password is provided, passcode is not provided, private key is not provided, application: undefined, client name: snowflake-sdk, client version: 1.15.0, retry timeout: 300, private key path: undefined, private key pass is not provided, client store temporary credential: false, browser response timeout: 120000"}
{"level":"INFO","message":"[2:50:34.761 PM]: Connection[id: 03e077c2-3dc7-4a39-a4c0-5077bbd8f934] - connection object created successfully."}
{"level":"INFO","message":"[2:50:34.762 PM]: Connection[id: 03e077c2-3dc7-4a39-a4c0-5077bbd8f934] - connecting. Associated Snowflake domain: GLOBAL"}
{"level":"INFO","message":"[2:50:34.763 PM]: Connection[id: 03e077c2-3dc7-4a39-a4c0-5077bbd8f934] - authentication successful using: SNOWFLAKE"}
{"level":"INFO","message":"[2:50:34.764 PM]: Connection[id: 03e077c2-3dc7-4a39-a4c0-5077bbd8f934] - connected successfully after 2.3271999999997206 milliseconds"}
{"level":"INFO","message":"[2:50:34.769 PM]: Creating new connection object"}
{"level":"INFO","message":"[2:50:34.770 PM]: Creating Connection[id: cc55a399-3845-4a0b-b70e-51a7acec19c6] with host: pppxlve-ynb88788.snowflakecomputing.com.snowflakecomputing.com, account: pppxlve-ynb88788, accessUrl: https://pppxlve-ynb88788.snowflakecomputing.com.snowflakecomputing.com, user: multiquip_app_user, password is provided, role: undefined, database: MULTIQUIP_DB, schema: CONSTRUCTION, warehouse: MULTIQUIP_WH, region: snowflakecomputing.com, authenticator: SNOWFLAKE, ocsp mode: FAIL_OPEN, os: win32, os version: 10.0.22631"}
{"level":"INFO","message":"[2:50:34.771 PM]: Connection[id: cc55a399-3845-4a0b-b70e-51a7acec19c6] additional details: passcode in password is provided, passcode is not provided, private key is not provided, application: undefined, client name: snowflake-sdk, client version: 1.15.0, retry timeout: 300, private key path: undefined, private key pass is not provided, client store temporary credential: false, browser response timeout: 120000"}
{"level":"INFO","message":"[2:50:34.771 PM]: Connection[id: cc55a399-3845-4a0b-b70e-51a7acec19c6] - connection object created successfully."}
{"level":"INFO","message":"[2:50:34.772 PM]: Connection[id: cc55a399-3845-4a0b-b70e-51a7acec19c6] - connecting. Associated Snowflake domain: GLOBAL"}
{"level":"INFO","message":"[2:50:34.773 PM]: Connection[id: cc55a399-3845-4a0b-b70e-51a7acec19c6] - authentication successful using: SNOWFLAKE"}
{"level":"INFO","message":"[2:50:34.774 PM]: Connection[id: cc55a399-3845-4a0b-b70e-51a7acec19c6] - connected successfully after 2.2613000000128523 milliseconds"}
{"level":"INFO","message":"[2:50:50.216 PM]: Creating new connection object"}
{"level":"INFO","message":"[2:50:50.217 PM]: Creating Connection[id: 2fe18092-d5e8-4495-899f-bf7a9a909b8f] with host: pppxlve-ynb88788.snowflakecomputing.com.snowflakecomputing.com, account: pppxlve-ynb88788, accessUrl: https://pppxlve-ynb88788.snowflakecomputing.com.snowflakecomputing.com, user: multiquip_app_user, password is provided, role: undefined, database: MULTIQUIP_DB, schema: CONSTRUCTION, warehouse: MULTIQUIP_WH, region: snowflakecomputing.com, authenticator: SNOWFLAKE, ocsp mode: FAIL_OPEN, os: win32, os version: 10.0.22631"}
{"level":"INFO","message":"[2:50:50.217 PM]: Connection[id: 2fe18092-d5e8-4495-899f-bf7a9a909b8f] additional details: passcode in password is provided, passcode is not provided, private key is not provided, application: undefined, client name: snowflake-sdk, client version: 1.15.0, retry timeout: 300, private key path: undefined, private key pass is not provided, client store temporary credential: false, browser response timeout: 120000"}
{"level":"INFO","message":"[2:50:50.218 PM]: Connection[id: 2fe18092-d5e8-4495-899f-bf7a9a909b8f] - connection object created successfully."}
{"level":"INFO","message":"[2:50:50.218 PM]: Connection[id: 2fe18092-d5e8-4495-899f-bf7a9a909b8f] - connecting. Associated Snowflake domain: GLOBAL"}
{"level":"INFO","message":"[2:50:50.218 PM]: Connection[id: 2fe18092-d5e8-4495-899f-bf7a9a909b8f] - authentication successful using: SNOWFLAKE"}
{"level":"INFO","message":"[2:50:50.219 PM]: Connection[id: 2fe18092-d5e8-4495-899f-bf7a9a909b8f] - connected successfully after 1.371099999989383 milliseconds"}
{"level":"INFO","message":"[2:50:50.223 PM]: Creating new connection object"}
{"level":"INFO","message":"[2:50:50.224 PM]: Creating Connection[id: 9a830afd-a74f-4b6d-9f6f-c2b36a4e6d38] with host: pppxlve-ynb88788.snowflakecomputing.com.snowflakecomputing.com, account: pppxlve-ynb88788, accessUrl: https://pppxlve-ynb88788.snowflakecomputing.com.snowflakecomputing.com, user: multiquip_app_user, password is provided, role: undefined, database: MULTIQUIP_DB, schema: CONSTRUCTION, warehouse: MULTIQUIP_WH, region: snowflakecomputing.com, authenticator: SNOWFLAKE, ocsp mode: FAIL_OPEN, os: win32, os version: 10.0.22631"}
{"level":"INFO","message":"[2:50:50.225 PM]: Connection[id: 9a830afd-a74f-4b6d-9f6f-c2b36a4e6d38] additional details: passcode in password is provided, passcode is not provided, private key is not provided, application: undefined, client name: snowflake-sdk, client version: 1.15.0, retry timeout: 300, private key path: undefined, private key pass is not provided, client store temporary credential: false, browser response timeout: 120000"}
{"level":"INFO","message":"[2:50:50.225 PM]: Connection[id: 9a830afd-a74f-4b6d-9f6f-c2b36a4e6d38] - connection object created successfully."}
{"level":"INFO","message":"[2:50:50.226 PM]: Connection[id: 9a830afd-a74f-4b6d-9f6f-c2b36a4e6d38] - connecting. Associated Snowflake domain: GLOBAL"}
{"level":"INFO","message":"[2:50:50.226 PM]: Connection[id: 9a830afd-a74f-4b6d-9f6f-c2b36a4e6d38] - authentication successful using: SNOWFLAKE"}
{"level":"INFO","message":"[2:50:50.227 PM]: Connection[id: 9a830afd-a74f-4b6d-9f6f-c2b36a4e6d38] - connected successfully after 1.493400000006659 milliseconds"}
{"level":"INFO","message":"[2:53:02.041 PM]: Creating new connection object"}
{"level":"INFO","message":"[2:53:02.043 PM]: Creating Connection[id: d297e99f-f987-48ce-b203-59da40873ff2] with host: pppxlve-ynb88788.snowflakecomputing.com.snowflakecomputing.com, account: pppxlve-ynb88788, accessUrl: https://pppxlve-ynb88788.snowflakecomputing.com.snowflakecomputing.com, user: multiquip_app_user, password is provided, role: undefined, database: MULTIQUIP_DB, schema: CONSTRUCTION, warehouse: MULTIQUIP_WH, region: snowflakecomputing.com, authenticator: SNOWFLAKE, ocsp mode: FAIL_OPEN, os: win32, os version: 10.0.22631"}
{"level":"INFO","message":"[2:53:02.043 PM]: Connection[id: d297e99f-f987-48ce-b203-59da40873ff2] additional details: passcode in password is provided, passcode is not provided, private key is not provided, application: undefined, client name: snowflake-sdk, client version: 1.15.0, retry timeout: 300, private key path: undefined, private key pass is not provided, client store temporary credential: false, browser response timeout: 120000"}
{"level":"INFO","message":"[2:53:02.044 PM]: Connection[id: d297e99f-f987-48ce-b203-59da40873ff2] - connection object created successfully."}
{"level":"INFO","message":"[2:53:02.044 PM]: Connection[id: d297e99f-f987-48ce-b203-59da40873ff2] - connecting. Associated Snowflake domain: GLOBAL"}
{"level":"INFO","message":"[2:53:02.045 PM]: Connection[id: d297e99f-f987-48ce-b203-59da40873ff2] - authentication successful using: SNOWFLAKE"}
{"level":"INFO","message":"[2:53:02.046 PM]: Connection[id: d297e99f-f987-48ce-b203-59da40873ff2] - connected successfully after 1.823900000017602 milliseconds"}
{"level":"INFO","message":"[2:53:27.641 PM]: Creating new connection object"}
{"level":"INFO","message":"[2:53:27.643 PM]: Creating Connection[id: a0785222-55fe-4347-b123-36fa4cd94ad6] with host: pppxlve-ynb88788.snowflakecomputing.com.snowflakecomputing.com, account: pppxlve-ynb88788, accessUrl: https://pppxlve-ynb88788.snowflakecomputing.com.snowflakecomputing.com, user: multiquip_app_user, password is provided, role: undefined, database: MULTIQUIP_DB, schema: CONSTRUCTION, warehouse: MULTIQUIP_WH, region: snowflakecomputing.com, authenticator: SNOWFLAKE, ocsp mode: FAIL_OPEN, os: win32, os version: 10.0.22631"}
{"level":"INFO","message":"[2:53:27.644 PM]: Connection[id: a0785222-55fe-4347-b123-36fa4cd94ad6] additional details: passcode in password is provided, passcode is not provided, private key is not provided, application: undefined, client name: snowflake-sdk, client version: 1.15.0, retry timeout: 300, private key path: undefined, private key pass is not provided, client store temporary credential: false, browser response timeout: 120000"}
{"level":"INFO","message":"[2:53:27.644 PM]: Connection[id: a0785222-55fe-4347-b123-36fa4cd94ad6] - connection object created successfully."}
{"level":"INFO","message":"[2:53:27.645 PM]: Connection[id: a0785222-55fe-4347-b123-36fa4cd94ad6] - connecting. Associated Snowflake domain: GLOBAL"}
{"level":"INFO","message":"[2:53:27.647 PM]: Connection[id: a0785222-55fe-4347-b123-36fa4cd94ad6] - authentication successful using: SNOWFLAKE"}
{"level":"INFO","message":"[2:53:27.648 PM]: Connection[id: a0785222-55fe-4347-b123-36fa4cd94ad6] - connected successfully after 2.956700000038836 milliseconds"}
{"level":"INFO","message":"[2:55:50.956 PM]: Creating new connection object"}
{"level":"INFO","message":"[2:55:50.957 PM]: Creating Connection[id: 7ba4b6f0-cc4e-4c77-81c6-2632efb5ef2c] with host: pppxlve-ynb88788.snowflakecomputing.com.snowflakecomputing.com, account: pppxlve-ynb88788, accessUrl: https://pppxlve-ynb88788.snowflakecomputing.com.snowflakecomputing.com, user: multiquip_app_user, password is provided, role: undefined, database: MULTIQUIP_DB, schema: CONSTRUCTION, warehouse: MULTIQUIP_WH, region: snowflakecomputing.com, authenticator: SNOWFLAKE, ocsp mode: FAIL_OPEN, os: win32, os version: 10.0.22631"}
{"level":"INFO","message":"[2:55:50.957 PM]: Connection[id: 7ba4b6f0-cc4e-4c77-81c6-2632efb5ef2c] additional details: passcode in password is provided, passcode is not provided, private key is not provided, application: undefined, client name: snowflake-sdk, client version: 1.15.0, retry timeout: 300, private key path: undefined, private key pass is not provided, client store temporary credential: false, browser response timeout: 120000"}
{"level":"INFO","message":"[2:55:50.958 PM]: Connection[id: 7ba4b6f0-cc4e-4c77-81c6-2632efb5ef2c] - connection object created successfully."}
{"level":"INFO","message":"[2:55:50.958 PM]: Connection[id: 7ba4b6f0-cc4e-4c77-81c6-2632efb5ef2c] - connecting. Associated Snowflake domain: GLOBAL"}
{"level":"INFO","message":"[2:55:50.958 PM]: Connection[id: 7ba4b6f0-cc4e-4c77-81c6-2632efb5ef2c] - authentication successful using: SNOWFLAKE"}
{"level":"INFO","message":"[2:55:50.959 PM]: Connection[id: 7ba4b6f0-cc4e-4c77-81c6-2632efb5ef2c] - connected successfully after 0.9039999999804422 milliseconds"}
{"level":"INFO","message":"[2:58:26.938 PM]: Creating new connection object"}
{"level":"INFO","message":"[2:58:26.939 PM]: Creating Connection[id: 4cb5201f-9893-4078-86f1-871c0447db4a] with host: pppxlve-ynb88788.snowflakecomputing.com.snowflakecomputing.com, account: pppxlve-ynb88788, accessUrl: https://pppxlve-ynb88788.snowflakecomputing.com.snowflakecomputing.com, user: multiquip_app_user, password is provided, role: undefined, database: MULTIQUIP_DB, schema: CONSTRUCTION, warehouse: MULTIQUIP_WH, region: snowflakecomputing.com, authenticator: SNOWFLAKE, ocsp mode: FAIL_OPEN, os: win32, os version: 10.0.22631"}
{"level":"INFO","message":"[2:58:26.940 PM]: Connection[id: 4cb5201f-9893-4078-86f1-871c0447db4a] additional details: passcode in password is provided, passcode is not provided, private key is not provided, application: undefined, client name: snowflake-sdk, client version: 1.15.0, retry timeout: 300, private key path: undefined, private key pass is not provided, client store temporary credential: false, browser response timeout: 120000"}
{"level":"INFO","message":"[2:58:26.940 PM]: Connection[id: 4cb5201f-9893-4078-86f1-871c0447db4a] - connection object created successfully."}
{"level":"INFO","message":"[2:58:26.940 PM]: Connection[id: 4cb5201f-9893-4078-86f1-871c0447db4a] - connecting. Associated Snowflake domain: GLOBAL"}
{"level":"INFO","message":"[2:58:26.941 PM]: Connection[id: 4cb5201f-9893-4078-86f1-871c0447db4a] - authentication successful using: SNOWFLAKE"}
{"level":"INFO","message":"[2:58:26.941 PM]: Connection[id: 4cb5201f-9893-4078-86f1-871c0447db4a] - connected successfully after 1.1257999999215826 milliseconds"}
{"level":"INFO","message":"[3:00:50.971 PM]: Creating new connection object"}
{"level":"INFO","message":"[3:00:50.971 PM]: Creating Connection[id: bba8cdce-846e-46a1-8764-988d17721b31] with host: pppxlve-ynb88788.snowflakecomputing.com.snowflakecomputing.com, account: pppxlve-ynb88788, accessUrl: https://pppxlve-ynb88788.snowflakecomputing.com.snowflakecomputing.com, user: multiquip_app_user, password is provided, role: undefined, database: MULTIQUIP_DB, schema: CONSTRUCTION, warehouse: MULTIQUIP_WH, region: snowflakecomputing.com, authenticator: SNOWFLAKE, ocsp mode: FAIL_OPEN, os: win32, os version: 10.0.22631"}
{"level":"INFO","message":"[3:00:50.972 PM]: Connection[id: bba8cdce-846e-46a1-8764-988d17721b31] additional details: passcode in password is provided, passcode is not provided, private key is not provided, application: undefined, client name: snowflake-sdk, client version: 1.15.0, retry timeout: 300, private key path: undefined, private key pass is not provided, client store temporary credential: false, browser response timeout: 120000"}
{"level":"INFO","message":"[3:00:50.972 PM]: Connection[id: bba8cdce-846e-46a1-8764-988d17721b31] - connection object created successfully."}
{"level":"INFO","message":"[3:00:50.974 PM]: Connection[id: bba8cdce-846e-46a1-8764-988d17721b31] - connecting. Associated Snowflake domain: GLOBAL"}
{"level":"INFO","message":"[3:00:50.975 PM]: Connection[id: bba8cdce-846e-46a1-8764-988d17721b31] - authentication successful using: SNOWFLAKE"}
{"level":"INFO","message":"[3:00:50.975 PM]: Connection[id: bba8cdce-846e-46a1-8764-988d17721b31] - connected successfully after 0.8611999999266118 milliseconds"}
{"level":"INFO","message":"[3:06:50.919 PM]: Creating new connection object"}
{"level":"INFO","message":"[3:06:50.965 PM]: Creating Connection[id: b8530468-c715-4615-bac0-261df9a9d25b] with host: pppxlve-ynb88788.snowflakecomputing.com, account: pppxlve-ynb88788, accessUrl: https://pppxlve-ynb88788.snowflakecomputing.com, user: multiquip_app_user, password is provided, role: undefined, database: MULTIQUIP_DB, schema: CONSTRUCTION, warehouse: MULTIQUIP_WH, region: undefined, authenticator: SNOWFLAKE, ocsp mode: FAIL_OPEN, os: win32, os version: 10.0.22631"}
{"level":"INFO","message":"[3:06:50.966 PM]: Connection[id: b8530468-c715-4615-bac0-261df9a9d25b] additional details: passcode in password is provided, passcode is not provided, private key is not provided, application: undefined, client name: snowflake-sdk, client version: 1.15.0, retry timeout: 300, private key path: undefined, private key pass is not provided, client store temporary credential: false, browser response timeout: 120000"}
{"level":"INFO","message":"[3:06:50.969 PM]: Connection[id: b8530468-c715-4615-bac0-261df9a9d25b] - connection object created successfully."}
{"level":"INFO","message":"[3:06:50.970 PM]: Connection[id: b8530468-c715-4615-bac0-261df9a9d25b] - connecting. Associated Snowflake domain: GLOBAL"}
{"level":"INFO","message":"[3:06:50.971 PM]: Connection[id: b8530468-c715-4615-bac0-261df9a9d25b] - authentication successful using: SNOWFLAKE"}
{"level":"INFO","message":"[3:06:50.972 PM]: Trying to initialize Easy Logging"}
{"level":"INFO","message":"[3:06:50.976 PM]: No client config detected."}
{"level":"INFO","message":"[3:06:50.977 PM]: No config file path found. Client config will not be used."}
{"level":"INFO","message":"[3:06:50.978 PM]: Easy Logging is disabled as no config has been found"}
{"level":"INFO","message":"[3:06:50.983 PM]: Connection[id: b8530468-c715-4615-bac0-261df9a9d25b] - connected successfully after 13.1895999999997 milliseconds"}
{"level":"INFO","message":"[3:06:51.110 PM]: Creating new connection object"}
{"level":"INFO","message":"[3:06:51.111 PM]: Creating Connection[id: c849a89e-d32b-4f64-b301-72ac19134a24] with host: pppxlve-ynb88788.snowflakecomputing.com, account: pppxlve-ynb88788, accessUrl: https://pppxlve-ynb88788.snowflakecomputing.com, user: multiquip_app_user, password is provided, role: undefined, database: MULTIQUIP_DB, schema: CONSTRUCTION, warehouse: MULTIQUIP_WH, region: undefined, authenticator: SNOWFLAKE, ocsp mode: FAIL_OPEN, os: win32, os version: 10.0.22631"}
{"level":"INFO","message":"[3:06:51.113 PM]: Connection[id: c849a89e-d32b-4f64-b301-72ac19134a24] additional details: passcode in password is provided, passcode is not provided, private key is not provided, application: undefined, client name: snowflake-sdk, client version: 1.15.0, retry timeout: 300, private key path: undefined, private key pass is not provided, client store temporary credential: false, browser response timeout: 120000"}
{"level":"INFO","message":"[3:06:51.113 PM]: Connection[id: c849a89e-d32b-4f64-b301-72ac19134a24] - connection object created successfully."}
{"level":"INFO","message":"[3:06:51.114 PM]: Connection[id: c849a89e-d32b-4f64-b301-72ac19134a24] - connecting. Associated Snowflake domain: GLOBAL"}
{"level":"INFO","message":"[3:06:51.114 PM]: Connection[id: c849a89e-d32b-4f64-b301-72ac19134a24] - authentication successful using: SNOWFLAKE"}
{"level":"INFO","message":"[3:06:51.115 PM]: Connection[id: c849a89e-d32b-4f64-b301-72ac19134a24] - connected successfully after 1.7643000000007305 milliseconds"}
{"level":"INFO","message":"[3:06:52.215 PM]: Creating new connection object"}
{"level":"INFO","message":"[3:06:52.216 PM]: Creating Connection[id: b1d8f1cb-bc7f-42c4-b61a-da79f9f8db3c] with host: pppxlve-ynb88788.snowflakecomputing.com, account: pppxlve-ynb88788, accessUrl: https://pppxlve-ynb88788.snowflakecomputing.com, user: multiquip_app_user, password is provided, role: undefined, database: MULTIQUIP_DB, schema: CONSTRUCTION, warehouse: MULTIQUIP_WH, region: undefined, authenticator: SNOWFLAKE, ocsp mode: FAIL_OPEN, os: win32, os version: 10.0.22631"}
{"level":"INFO","message":"[3:06:52.216 PM]: Connection[id: b1d8f1cb-bc7f-42c4-b61a-da79f9f8db3c] additional details: passcode in password is provided, passcode is not provided, private key is not provided, application: undefined, client name: snowflake-sdk, client version: 1.15.0, retry timeout: 300, private key path: undefined, private key pass is not provided, client store temporary credential: false, browser response timeout: 120000"}
{"level":"INFO","message":"[3:06:52.217 PM]: Connection[id: b1d8f1cb-bc7f-42c4-b61a-da79f9f8db3c] - connection object created successfully."}
{"level":"INFO","message":"[3:06:52.217 PM]: Connection[id: b1d8f1cb-bc7f-42c4-b61a-da79f9f8db3c] - connecting. Associated Snowflake domain: GLOBAL"}
{"level":"INFO","message":"[3:06:52.217 PM]: Connection[id: b1d8f1cb-bc7f-42c4-b61a-da79f9f8db3c] - authentication successful using: SNOWFLAKE"}
{"level":"INFO","message":"[3:06:52.218 PM]: Connection[id: b1d8f1cb-bc7f-42c4-b61a-da79f9f8db3c] - connected successfully after 1.2370999999984633 milliseconds"}
{"level":"INFO","message":"[3:06:52.293 PM]: Creating new connection object"}
{"level":"INFO","message":"[3:06:52.293 PM]: Creating Connection[id: 92ebbd62-f956-48b8-b87f-f6266f471574] with host: pppxlve-ynb88788.snowflakecomputing.com, account: pppxlve-ynb88788, accessUrl: https://pppxlve-ynb88788.snowflakecomputing.com, user: multiquip_app_user, password is provided, role: undefined, database: MULTIQUIP_DB, schema: CONSTRUCTION, warehouse: MULTIQUIP_WH, region: undefined, authenticator: SNOWFLAKE, ocsp mode: FAIL_OPEN, os: win32, os version: 10.0.22631"}
{"level":"INFO","message":"[3:06:52.294 PM]: Connection[id: 92ebbd62-f956-48b8-b87f-f6266f471574] additional details: passcode in password is provided, passcode is not provided, private key is not provided, application: undefined, client name: snowflake-sdk, client version: 1.15.0, retry timeout: 300, private key path: undefined, private key pass is not provided, client store temporary credential: false, browser response timeout: 120000"}
{"level":"INFO","message":"[3:06:52.294 PM]: Connection[id: 92ebbd62-f956-48b8-b87f-f6266f471574] - connection object created successfully."}
{"level":"INFO","message":"[3:06:52.294 PM]: Connection[id: 92ebbd62-f956-48b8-b87f-f6266f471574] - connecting. Associated Snowflake domain: GLOBAL"}
{"level":"INFO","message":"[3:06:52.294 PM]: Connection[id: 92ebbd62-f956-48b8-b87f-f6266f471574] - authentication successful using: SNOWFLAKE"}
{"level":"INFO","message":"[3:06:52.295 PM]: Connection[id: 92ebbd62-f956-48b8-b87f-f6266f471574] - connected successfully after 0.876299999999901 milliseconds"}
{"level":"INFO","message":"[3:07:06.930 PM]: Creating new connection object"}
{"level":"INFO","message":"[3:07:06.931 PM]: Creating Connection[id: 6c39ed3d-7705-4749-95ed-548e59f4c844] with host: pppxlve-ynb88788.snowflakecomputing.com, account: pppxlve-ynb88788, accessUrl: https://pppxlve-ynb88788.snowflakecomputing.com, user: multiquip_app_user, password is provided, role: undefined, database: MULTIQUIP_DB, schema: CONSTRUCTION, warehouse: MULTIQUIP_WH, region: undefined, authenticator: SNOWFLAKE, ocsp mode: FAIL_OPEN, os: win32, os version: 10.0.22631"}
{"level":"INFO","message":"[3:07:06.931 PM]: Connection[id: 6c39ed3d-7705-4749-95ed-548e59f4c844] additional details: passcode in password is provided, passcode is not provided, private key is not provided, application: undefined, client name: snowflake-sdk, client version: 1.15.0, retry timeout: 300, private key path: undefined, private key pass is not provided, client store temporary credential: false, browser response timeout: 120000"}
{"level":"INFO","message":"[3:07:06.932 PM]: Connection[id: 6c39ed3d-7705-4749-95ed-548e59f4c844] - connection object created successfully."}
{"level":"INFO","message":"[3:07:06.932 PM]: Connection[id: 6c39ed3d-7705-4749-95ed-548e59f4c844] - connecting. Associated Snowflake domain: GLOBAL"}
{"level":"INFO","message":"[3:07:06.932 PM]: Connection[id: 6c39ed3d-7705-4749-95ed-548e59f4c844] - authentication successful using: SNOWFLAKE"}
{"level":"INFO","message":"[3:07:06.933 PM]: Connection[id: 6c39ed3d-7705-4749-95ed-548e59f4c844] - connected successfully after 1.2704000000012456 milliseconds"}
{"level":"INFO","message":"[3:07:06.937 PM]: Creating new connection object"}
{"level":"INFO","message":"[3:07:06.938 PM]: Creating Connection[id: 4fbe07b4-dc2b-49e9-8f30-9b16261479a6] with host: pppxlve-ynb88788.snowflakecomputing.com, account: pppxlve-ynb88788, accessUrl: https://pppxlve-ynb88788.snowflakecomputing.com, user: multiquip_app_user, password is provided, role: undefined, database: MULTIQUIP_DB, schema: CONSTRUCTION, warehouse: MULTIQUIP_WH, region: undefined, authenticator: SNOWFLAKE, ocsp mode: FAIL_OPEN, os: win32, os version: 10.0.22631"}
{"level":"INFO","message":"[3:07:06.939 PM]: Connection[id: 4fbe07b4-dc2b-49e9-8f30-9b16261479a6] additional details: passcode in password is provided, passcode is not provided, private key is not provided, application: undefined, client name: snowflake-sdk, client version: 1.15.0, retry timeout: 300, private key path: undefined, private key pass is not provided, client store temporary credential: false, browser response timeout: 120000"}
{"level":"INFO","message":"[3:07:06.939 PM]: Connection[id: 4fbe07b4-dc2b-49e9-8f30-9b16261479a6] - connection object created successfully."}
{"level":"INFO","message":"[3:07:06.939 PM]: Connection[id: 4fbe07b4-dc2b-49e9-8f30-9b16261479a6] - connecting. Associated Snowflake domain: GLOBAL"}
{"level":"INFO","message":"[3:07:06.940 PM]: Connection[id: 4fbe07b4-dc2b-49e9-8f30-9b16261479a6] - authentication successful using: SNOWFLAKE"}
{"level":"INFO","message":"[3:07:06.940 PM]: Connection[id: 4fbe07b4-dc2b-49e9-8f30-9b16261479a6] - connected successfully after 0.7593000000015309 milliseconds"}
{"level":"INFO","message":"[3:07:07.067 PM]: Creating new connection object"}
{"level":"INFO","message":"[3:07:07.068 PM]: Creating Connection[id: 9c2f38a6-2a2e-430f-9460-d1ce240bc7b4] with host: pppxlve-ynb88788.snowflakecomputing.com, account: pppxlve-ynb88788, accessUrl: https://pppxlve-ynb88788.snowflakecomputing.com, user: multiquip_app_user, password is provided, role: undefined, database: MULTIQUIP_DB, schema: CONSTRUCTION, warehouse: MULTIQUIP_WH, region: undefined, authenticator: SNOWFLAKE, ocsp mode: FAIL_OPEN, os: win32, os version: 10.0.22631"}
{"level":"INFO","message":"[3:07:07.068 PM]: Connection[id: 9c2f38a6-2a2e-430f-9460-d1ce240bc7b4] additional details: passcode in password is provided, passcode is not provided, private key is not provided, application: undefined, client name: snowflake-sdk, client version: 1.15.0, retry timeout: 300, private key path: undefined, private key pass is not provided, client store temporary credential: false, browser response timeout: 120000"}
{"level":"INFO","message":"[3:07:07.068 PM]: Connection[id: 9c2f38a6-2a2e-430f-9460-d1ce240bc7b4] - connection object created successfully."}
{"level":"INFO","message":"[3:07:07.068 PM]: Connection[id: 9c2f38a6-2a2e-430f-9460-d1ce240bc7b4] - connecting. Associated Snowflake domain: GLOBAL"}
{"level":"INFO","message":"[3:07:07.068 PM]: Connection[id: 9c2f38a6-2a2e-430f-9460-d1ce240bc7b4] - authentication successful using: SNOWFLAKE"}
{"level":"INFO","message":"[3:07:07.069 PM]: Connection[id: 9c2f38a6-2a2e-430f-9460-d1ce240bc7b4] - connected successfully after 0.5686000000023341 milliseconds"}
{"level":"INFO","message":"[3:07:07.071 PM]: Creating new connection object"}
{"level":"INFO","message":"[3:07:07.072 PM]: Creating Connection[id: fd77c1b3-59a6-4857-b4b9-5423453b1d00] with host: pppxlve-ynb88788.snowflakecomputing.com, account: pppxlve-ynb88788, accessUrl: https://pppxlve-ynb88788.snowflakecomputing.com, user: multiquip_app_user, password is provided, role: undefined, database: MULTIQUIP_DB, schema: CONSTRUCTION, warehouse: MULTIQUIP_WH, region: undefined, authenticator: SNOWFLAKE, ocsp mode: FAIL_OPEN, os: win32, os version: 10.0.22631"}
{"level":"INFO","message":"[3:07:07.072 PM]: Connection[id: fd77c1b3-59a6-4857-b4b9-5423453b1d00] additional details: passcode in password is provided, passcode is not provided, private key is not provided, application: undefined, client name: snowflake-sdk, client version: 1.15.0, retry timeout: 300, private key path: undefined, private key pass is not provided, client store temporary credential: false, browser response timeout: 120000"}
{"level":"INFO","message":"[3:07:07.072 PM]: Connection[id: fd77c1b3-59a6-4857-b4b9-5423453b1d00] - connection object created successfully."}
{"level":"INFO","message":"[3:07:07.072 PM]: Connection[id: fd77c1b3-59a6-4857-b4b9-5423453b1d00] - connecting. Associated Snowflake domain: GLOBAL"}
{"level":"INFO","message":"[3:07:07.073 PM]: Connection[id: fd77c1b3-59a6-4857-b4b9-5423453b1d00] - authentication successful using: SNOWFLAKE"}
{"level":"INFO","message":"[3:07:07.073 PM]: Connection[id: fd77c1b3-59a6-4857-b4b9-5423453b1d00] - connected successfully after 0.6129000000000815 milliseconds"}
{"level":"INFO","message":"[3:12:07.960 PM]: Creating new connection object"}
{"level":"INFO","message":"[3:12:07.961 PM]: Creating Connection[id: c9fd492d-952d-48dd-9f6a-33a9c626495b] with host: pppxlve-ynb88788.snowflakecomputing.com, account: pppxlve-ynb88788, accessUrl: https://pppxlve-ynb88788.snowflakecomputing.com, user: multiquip_app_user, password is provided, role: undefined, database: MULTIQUIP_DB, schema: CONSTRUCTION, warehouse: MULTIQUIP_WH, region: undefined, authenticator: SNOWFLAKE, ocsp mode: FAIL_OPEN, os: win32, os version: 10.0.22631"}
{"level":"INFO","message":"[3:12:07.961 PM]: Connection[id: c9fd492d-952d-48dd-9f6a-33a9c626495b] additional details: passcode in password is provided, passcode is not provided, private key is not provided, application: undefined, client name: snowflake-sdk, client version: 1.15.0, retry timeout: 300, private key path: undefined, private key pass is not provided, client store temporary credential: false, browser response timeout: 120000"}
{"level":"INFO","message":"[3:12:07.961 PM]: Connection[id: c9fd492d-952d-48dd-9f6a-33a9c626495b] - connection object created successfully."}
{"level":"INFO","message":"[3:12:07.961 PM]: Connection[id: c9fd492d-952d-48dd-9f6a-33a9c626495b] - connecting. Associated Snowflake domain: GLOBAL"}
{"level":"INFO","message":"[3:12:07.962 PM]: Connection[id: c9fd492d-952d-48dd-9f6a-33a9c626495b] - authentication successful using: SNOWFLAKE"}
{"level":"INFO","message":"[3:12:07.962 PM]: Connection[id: c9fd492d-952d-48dd-9f6a-33a9c626495b] - connected successfully after 1.0341999999945983 milliseconds"}
{"level":"INFO","message":"[3:12:08.261 PM]: Creating new connection object"}
{"level":"INFO","message":"[3:12:08.262 PM]: Creating Connection[id: 5fdc5178-8cf2-4c7c-89b4-d257c7b77201] with host: pppxlve-ynb88788.snowflakecomputing.com, account: pppxlve-ynb88788, accessUrl: https://pppxlve-ynb88788.snowflakecomputing.com, user: multiquip_app_user, password is provided, role: undefined, database: MULTIQUIP_DB, schema: CONSTRUCTION, warehouse: MULTIQUIP_WH, region: undefined, authenticator: SNOWFLAKE, ocsp mode: FAIL_OPEN, os: win32, os version: 10.0.22631"}
{"level":"INFO","message":"[3:12:08.262 PM]: Connection[id: 5fdc5178-8cf2-4c7c-89b4-d257c7b77201] additional details: passcode in password is provided, passcode is not provided, private key is not provided, application: undefined, client name: snowflake-sdk, client version: 1.15.0, retry timeout: 300, private key path: undefined, private key pass is not provided, client store temporary credential: false, browser response timeout: 120000"}
{"level":"INFO","message":"[3:12:08.262 PM]: Connection[id: 5fdc5178-8cf2-4c7c-89b4-d257c7b77201] - connection object created successfully."}
{"level":"INFO","message":"[3:12:08.262 PM]: Connection[id: 5fdc5178-8cf2-4c7c-89b4-d257c7b77201] - connecting. Associated Snowflake domain: GLOBAL"}
{"level":"INFO","message":"[3:12:08.263 PM]: Connection[id: 5fdc5178-8cf2-4c7c-89b4-d257c7b77201] - authentication successful using: SNOWFLAKE"}
{"level":"INFO","message":"[3:12:08.263 PM]: Connection[id: 5fdc5178-8cf2-4c7c-89b4-d257c7b77201] - connected successfully after 0.6852000000071712 milliseconds"}
{"level":"INFO","message":"[3:17:07.961 PM]: Creating new connection object"}
{"level":"INFO","message":"[3:17:07.962 PM]: Creating Connection[id: 2342346b-9052-4b0d-964f-25a2f41bfb36] with host: pppxlve-ynb88788.snowflakecomputing.com, account: pppxlve-ynb88788, accessUrl: https://pppxlve-ynb88788.snowflakecomputing.com, user: multiquip_app_user, password is provided, role: undefined, database: MULTIQUIP_DB, schema: CONSTRUCTION, warehouse: MULTIQUIP_WH, region: undefined, authenticator: SNOWFLAKE, ocsp mode: FAIL_OPEN, os: win32, os version: 10.0.22631"}
{"level":"INFO","message":"[3:17:07.963 PM]: Connection[id: 2342346b-9052-4b0d-964f-25a2f41bfb36] additional details: passcode in password is provided, passcode is not provided, private key is not provided, application: undefined, client name: snowflake-sdk, client version: 1.15.0, retry timeout: 300, private key path: undefined, private key pass is not provided, client store temporary credential: false, browser response timeout: 120000"}
{"level":"INFO","message":"[3:17:07.963 PM]: Connection[id: 2342346b-9052-4b0d-964f-25a2f41bfb36] - connection object created successfully."}
{"level":"INFO","message":"[3:17:07.964 PM]: Connection[id: 2342346b-9052-4b0d-964f-25a2f41bfb36] - connecting. Associated Snowflake domain: GLOBAL"}
{"level":"INFO","message":"[3:17:07.964 PM]: Connection[id: 2342346b-9052-4b0d-964f-25a2f41bfb36] - authentication successful using: SNOWFLAKE"}
{"level":"INFO","message":"[3:17:07.965 PM]: Connection[id: 2342346b-9052-4b0d-964f-25a2f41bfb36] - connected successfully after 1.6502000000327826 milliseconds"}
{"level":"INFO","message":"[3:17:08.322 PM]: Creating new connection object"}
{"level":"INFO","message":"[3:17:08.323 PM]: Creating Connection[id: 4db120bc-b83f-4346-888f-f8d3ecfade62] with host: pppxlve-ynb88788.snowflakecomputing.com, account: pppxlve-ynb88788, accessUrl: https://pppxlve-ynb88788.snowflakecomputing.com, user: multiquip_app_user, password is provided, role: undefined, database: MULTIQUIP_DB, schema: CONSTRUCTION, warehouse: MULTIQUIP_WH, region: undefined, authenticator: SNOWFLAKE, ocsp mode: FAIL_OPEN, os: win32, os version: 10.0.22631"}
{"level":"INFO","message":"[3:17:08.323 PM]: Connection[id: 4db120bc-b83f-4346-888f-f8d3ecfade62] additional details: passcode in password is provided, passcode is not provided, private key is not provided, application: undefined, client name: snowflake-sdk, client version: 1.15.0, retry timeout: 300, private key path: undefined, private key pass is not provided, client store temporary credential: false, browser response timeout: 120000"}
{"level":"INFO","message":"[3:17:08.323 PM]: Connection[id: 4db120bc-b83f-4346-888f-f8d3ecfade62] - connection object created successfully."}
{"level":"INFO","message":"[3:17:08.324 PM]: Connection[id: 4db120bc-b83f-4346-888f-f8d3ecfade62] - connecting. Associated Snowflake domain: GLOBAL"}
{"level":"INFO","message":"[3:17:08.324 PM]: Connection[id: 4db120bc-b83f-4346-888f-f8d3ecfade62] - authentication successful using: SNOWFLAKE"}
{"level":"INFO","message":"[3:17:08.325 PM]: Connection[id: 4db120bc-b83f-4346-888f-f8d3ecfade62] - connected successfully after 1.298600000096485 milliseconds"}
{"level":"INFO","message":"[3:38:20.419 PM]: Creating new connection object"}
{"level":"INFO","message":"[3:38:20.425 PM]: Creating Connection[id: 59f361bd-3e2d-4196-94a0-a0b30e576c57] with host: pppxlve-ynb88788.snowflakecomputing.com, account: pppxlve-ynb88788, accessUrl: https://pppxlve-ynb88788.snowflakecomputing.com, user: multiquip_app_user, password is provided, role: undefined, database: MULTIQUIP_DB, schema: CONSTRUCTION, warehouse: MULTIQUIP_WH, region: undefined, authenticator: SNOWFLAKE, ocsp mode: FAIL_OPEN, os: win32, os version: 10.0.22631"}
{"level":"INFO","message":"[3:38:20.429 PM]: Connection[id: 59f361bd-3e2d-4196-94a0-a0b30e576c57] additional details: passcode in password is provided, passcode is not provided, private key is not provided, application: undefined, client name: snowflake-sdk, client version: 1.15.0, retry timeout: 300, private key path: undefined, private key pass is not provided, client store temporary credential: false, browser response timeout: 120000"}
{"level":"INFO","message":"[3:38:20.430 PM]: Connection[id: 59f361bd-3e2d-4196-94a0-a0b30e576c57] - connection object created successfully."}
{"level":"INFO","message":"[3:38:20.431 PM]: Connection[id: 59f361bd-3e2d-4196-94a0-a0b30e576c57] - connecting. Associated Snowflake domain: GLOBAL"}
{"level":"INFO","message":"[3:38:20.432 PM]: Connection[id: 59f361bd-3e2d-4196-94a0-a0b30e576c57] - authentication successful using: SNOWFLAKE"}
{"level":"INFO","message":"[3:38:20.433 PM]: Connection[id: 59f361bd-3e2d-4196-94a0-a0b30e576c57] - connected successfully after 2.0243999999947846 milliseconds"}
{"level":"INFO","message":"[3:38:20.872 PM]: Creating new connection object"}
{"level":"INFO","message":"[3:38:20.879 PM]: Creating Connection[id: 8f8ab3e5-9f28-4f6e-ae96-4d6ba2b94691] with host: pppxlve-ynb88788.snowflakecomputing.com, account: pppxlve-ynb88788, accessUrl: https://pppxlve-ynb88788.snowflakecomputing.com, user: multiquip_app_user, password is provided, role: undefined, database: MULTIQUIP_DB, schema: CONSTRUCTION, warehouse: MULTIQUIP_WH, region: undefined, authenticator: SNOWFLAKE, ocsp mode: FAIL_OPEN, os: win32, os version: 10.0.22631"}
{"level":"INFO","message":"[3:38:20.882 PM]: Connection[id: 8f8ab3e5-9f28-4f6e-ae96-4d6ba2b94691] additional details: passcode in password is provided, passcode is not provided, private key is not provided, application: undefined, client name: snowflake-sdk, client version: 1.15.0, retry timeout: 300, private key path: undefined, private key pass is not provided, client store temporary credential: false, browser response timeout: 120000"}
{"level":"INFO","message":"[3:38:20.882 PM]: Connection[id: 8f8ab3e5-9f28-4f6e-ae96-4d6ba2b94691] - connection object created successfully."}
{"level":"INFO","message":"[3:38:20.882 PM]: Connection[id: 8f8ab3e5-9f28-4f6e-ae96-4d6ba2b94691] - connecting. Associated Snowflake domain: GLOBAL"}
{"level":"INFO","message":"[3:38:20.882 PM]: Connection[id: 8f8ab3e5-9f28-4f6e-ae96-4d6ba2b94691] - authentication successful using: SNOWFLAKE"}
{"level":"INFO","message":"[3:38:20.882 PM]: Connection[id: 8f8ab3e5-9f28-4f6e-ae96-4d6ba2b94691] - connected successfully after 0.5727999999653548 milliseconds"}
{"level":"INFO","message":"[3:47:08.711 PM]: Creating new connection object"}
{"level":"INFO","message":"[3:47:08.769 PM]: Creating Connection[id: 5e59fb29-0de1-45aa-bae8-2a2a422a8502] with host: pppxlve-ynb88788.snowflakecomputing.com, account: pppxlve-ynb88788, accessUrl: https://pppxlve-ynb88788.snowflakecomputing.com, user: multiquip_app_user, password is provided, role: undefined, database: MULTIQUIP_DB, schema: CONSTRUCTION, warehouse: MULTIQUIP_WH, region: undefined, authenticator: SNOWFLAKE, ocsp mode: FAIL_OPEN, os: win32, os version: 10.0.22631"}
{"level":"INFO","message":"[3:47:08.770 PM]: Connection[id: 5e59fb29-0de1-45aa-bae8-2a2a422a8502] additional details: passcode in password is provided, passcode is not provided, private key is not provided, application: undefined, client name: snowflake-sdk, client version: 1.15.0, retry timeout: 300, private key path: undefined, private key pass is not provided, client store temporary credential: false, browser response timeout: 120000"}
{"level":"INFO","message":"[3:47:08.772 PM]: Connection[id: 5e59fb29-0de1-45aa-bae8-2a2a422a8502] - connection object created successfully."}
{"level":"INFO","message":"[3:47:08.772 PM]: Connection[id: 5e59fb29-0de1-45aa-bae8-2a2a422a8502] - connecting. Associated Snowflake domain: GLOBAL"}
{"level":"INFO","message":"[3:47:08.774 PM]: Connection[id: 5e59fb29-0de1-45aa-bae8-2a2a422a8502] - authentication successful using: SNOWFLAKE"}
{"level":"INFO","message":"[3:47:08.775 PM]: Trying to initialize Easy Logging"}
{"level":"INFO","message":"[3:47:08.781 PM]: Creating new connection object"}
{"level":"INFO","message":"[3:47:08.783 PM]: Creating Connection[id: 53db44ad-40db-48ed-b3a5-324d9d2e43a0] with host: pppxlve-ynb88788.snowflakecomputing.com, account: pppxlve-ynb88788, accessUrl: https://pppxlve-ynb88788.snowflakecomputing.com, user: multiquip_app_user, password is provided, role: undefined, database: MULTIQUIP_DB, schema: CONSTRUCTION, warehouse: MULTIQUIP_WH, region: undefined, authenticator: SNOWFLAKE, ocsp mode: FAIL_OPEN, os: win32, os version: 10.0.22631"}
{"level":"INFO","message":"[3:47:08.784 PM]: Connection[id: 53db44ad-40db-48ed-b3a5-324d9d2e43a0] additional details: passcode in password is provided, passcode is not provided, private key is not provided, application: undefined, client name: snowflake-sdk, client version: 1.15.0, retry timeout: 300, private key path: undefined, private key pass is not provided, client store temporary credential: false, browser response timeout: 120000"}
{"level":"INFO","message":"[3:47:08.785 PM]: Connection[id: 53db44ad-40db-48ed-b3a5-324d9d2e43a0] - connection object created successfully."}
{"level":"INFO","message":"[3:47:08.785 PM]: Connection[id: 53db44ad-40db-48ed-b3a5-324d9d2e43a0] - connecting. Associated Snowflake domain: GLOBAL"}
{"level":"INFO","message":"[3:47:08.786 PM]: Connection[id: 53db44ad-40db-48ed-b3a5-324d9d2e43a0] - authentication successful using: SNOWFLAKE"}
{"level":"INFO","message":"[3:47:08.789 PM]: Trying to initialize Easy Logging"}
{"level":"INFO","message":"[3:47:08.796 PM]: No client config detected."}
{"level":"INFO","message":"[3:47:08.796 PM]: No config file path found. Client config will not be used."}
{"level":"INFO","message":"[3:47:08.797 PM]: Easy Logging is disabled as no config has been found"}
{"level":"INFO","message":"[3:47:08.802 PM]: Connection[id: 5e59fb29-0de1-45aa-bae8-2a2a422a8502] - connected successfully after 29.842800000000352 milliseconds"}
{"level":"INFO","message":"[3:47:08.931 PM]: No client config detected."}
{"level":"INFO","message":"[3:47:08.931 PM]: No config file path found. Client config will not be used."}
{"level":"INFO","message":"[3:47:08.932 PM]: Easy Logging is disabled as no config has been found"}
{"level":"INFO","message":"[3:47:08.933 PM]: Connection[id: 53db44ad-40db-48ed-b3a5-324d9d2e43a0] - connected successfully after 147.27210000000014 milliseconds"}
{"level":"INFO","message":"[3:47:09.566 PM]: Creating new connection object"}
{"level":"INFO","message":"[3:47:09.567 PM]: Creating Connection[id: aeed4ac4-f79c-4b0b-b61b-433780007c92] with host: pppxlve-ynb88788.snowflakecomputing.com, account: pppxlve-ynb88788, accessUrl: https://pppxlve-ynb88788.snowflakecomputing.com, user: multiquip_app_user, password is provided, role: undefined, database: MULTIQUIP_DB, schema: CONSTRUCTION, warehouse: MULTIQUIP_WH, region: undefined, authenticator: SNOWFLAKE, ocsp mode: FAIL_OPEN, os: win32, os version: 10.0.22631"}
{"level":"INFO","message":"[3:47:09.567 PM]: Connection[id: aeed4ac4-f79c-4b0b-b61b-433780007c92] additional details: passcode in password is provided, passcode is not provided, private key is not provided, application: undefined, client name: snowflake-sdk, client version: 1.15.0, retry timeout: 300, private key path: undefined, private key pass is not provided, client store temporary credential: false, browser response timeout: 120000"}
{"level":"INFO","message":"[3:47:09.568 PM]: Connection[id: aeed4ac4-f79c-4b0b-b61b-433780007c92] - connection object created successfully."}
{"level":"INFO","message":"[3:47:09.568 PM]: Connection[id: aeed4ac4-f79c-4b0b-b61b-433780007c92] - connecting. Associated Snowflake domain: GLOBAL"}
{"level":"INFO","message":"[3:47:09.568 PM]: Connection[id: aeed4ac4-f79c-4b0b-b61b-433780007c92] - authentication successful using: SNOWFLAKE"}
{"level":"INFO","message":"[3:47:09.569 PM]: Connection[id: aeed4ac4-f79c-4b0b-b61b-433780007c92] - connected successfully after 1.2685999999994237 milliseconds"}
{"level":"INFO","message":"[3:47:09.597 PM]: Creating new connection object"}
{"level":"INFO","message":"[3:47:09.597 PM]: Creating Connection[id: 844e8801-c0a3-41a6-ac1f-71edb1f456ba] with host: pppxlve-ynb88788.snowflakecomputing.com, account: pppxlve-ynb88788, accessUrl: https://pppxlve-ynb88788.snowflakecomputing.com, user: multiquip_app_user, password is provided, role: undefined, database: MULTIQUIP_DB, schema: CONSTRUCTION, warehouse: MULTIQUIP_WH, region: undefined, authenticator: SNOWFLAKE, ocsp mode: FAIL_OPEN, os: win32, os version: 10.0.22631"}
{"level":"INFO","message":"[3:47:09.598 PM]: Connection[id: 844e8801-c0a3-41a6-ac1f-71edb1f456ba] additional details: passcode in password is provided, passcode is not provided, private key is not provided, application: undefined, client name: snowflake-sdk, client version: 1.15.0, retry timeout: 300, private key path: undefined, private key pass is not provided, client store temporary credential: false, browser response timeout: 120000"}
{"level":"INFO","message":"[3:47:09.598 PM]: Connection[id: 844e8801-c0a3-41a6-ac1f-71edb1f456ba] - connection object created successfully."}
{"level":"INFO","message":"[3:47:09.598 PM]: Connection[id: 844e8801-c0a3-41a6-ac1f-71edb1f456ba] - connecting. Associated Snowflake domain: GLOBAL"}
{"level":"INFO","message":"[3:47:09.598 PM]: Connection[id: 844e8801-c0a3-41a6-ac1f-71edb1f456ba] - authentication successful using: SNOWFLAKE"}
{"level":"INFO","message":"[3:47:09.599 PM]: Connection[id: 844e8801-c0a3-41a6-ac1f-71edb1f456ba] - connected successfully after 0.9891999999999825 milliseconds"}
{"level":"INFO","message":"[3:47:13.845 PM]: Creating new connection object"}
{"level":"INFO","message":"[3:47:13.847 PM]: Creating Connection[id: 8d819f93-5b95-4a00-b345-c7018b6cba04] with host: pppxlve-ynb88788.snowflakecomputing.com, account: pppxlve-ynb88788, accessUrl: https://pppxlve-ynb88788.snowflakecomputing.com, user: multiquip_app_user, password is provided, role: undefined, database: MULTIQUIP_DB, schema: CONSTRUCTION, warehouse: MULTIQUIP_WH, region: undefined, authenticator: SNOWFLAKE, ocsp mode: FAIL_OPEN, os: win32, os version: 10.0.22631"}
{"level":"INFO","message":"[3:47:13.848 PM]: Connection[id: 8d819f93-5b95-4a00-b345-c7018b6cba04] additional details: passcode in password is provided, passcode is not provided, private key is not provided, application: undefined, client name: snowflake-sdk, client version: 1.15.0, retry timeout: 300, private key path: undefined, private key pass is not provided, client store temporary credential: false, browser response timeout: 120000"}
{"level":"INFO","message":"[3:47:13.849 PM]: Connection[id: 8d819f93-5b95-4a00-b345-c7018b6cba04] - connection object created successfully."}
{"level":"INFO","message":"[3:47:13.849 PM]: Connection[id: 8d819f93-5b95-4a00-b345-c7018b6cba04] - connecting. Associated Snowflake domain: GLOBAL"}
{"level":"INFO","message":"[3:47:13.850 PM]: Connection[id: 8d819f93-5b95-4a00-b345-c7018b6cba04] - authentication successful using: SNOWFLAKE"}
{"level":"INFO","message":"[3:47:13.853 PM]: Connection[id: 8d819f93-5b95-4a00-b345-c7018b6cba04] - connected successfully after 3.39089999999851 milliseconds"}
{"level":"INFO","message":"[3:47:13.861 PM]: Creating new connection object"}
{"level":"INFO","message":"[3:47:13.863 PM]: Creating Connection[id: ef79b10b-4fba-46d4-b893-c871343ead54] with host: pppxlve-ynb88788.snowflakecomputing.com, account: pppxlve-ynb88788, accessUrl: https://pppxlve-ynb88788.snowflakecomputing.com, user: multiquip_app_user, password is provided, role: undefined, database: MULTIQUIP_DB, schema: CONSTRUCTION, warehouse: MULTIQUIP_WH, region: undefined, authenticator: SNOWFLAKE, ocsp mode: FAIL_OPEN, os: win32, os version: 10.0.22631"}
{"level":"INFO","message":"[3:47:13.864 PM]: Connection[id: ef79b10b-4fba-46d4-b893-c871343ead54] additional details: passcode in password is provided, passcode is not provided, private key is not provided, application: undefined, client name: snowflake-sdk, client version: 1.15.0, retry timeout: 300, private key path: undefined, private key pass is not provided, client store temporary credential: false, browser response timeout: 120000"}
{"level":"INFO","message":"[3:47:13.864 PM]: Connection[id: ef79b10b-4fba-46d4-b893-c871343ead54] - connection object created successfully."}
{"level":"INFO","message":"[3:47:13.864 PM]: Connection[id: ef79b10b-4fba-46d4-b893-c871343ead54] - connecting. Associated Snowflake domain: GLOBAL"}
{"level":"INFO","message":"[3:47:13.865 PM]: Connection[id: ef79b10b-4fba-46d4-b893-c871343ead54] - authentication successful using: SNOWFLAKE"}
{"level":"INFO","message":"[3:47:13.866 PM]: Connection[id: ef79b10b-4fba-46d4-b893-c871343ead54] - connected successfully after 1.7214999999996508 milliseconds"}
{"level":"INFO","message":"[3:47:14.292 PM]: Creating new connection object"}
{"level":"INFO","message":"[3:47:14.294 PM]: Creating Connection[id: 3d76f6a4-537a-4c21-9be8-4452977b9316] with host: pppxlve-ynb88788.snowflakecomputing.com, account: pppxlve-ynb88788, accessUrl: https://pppxlve-ynb88788.snowflakecomputing.com, user: multiquip_app_user, password is provided, role: undefined, database: MULTIQUIP_DB, schema: CONSTRUCTION, warehouse: MULTIQUIP_WH, region: undefined, authenticator: SNOWFLAKE, ocsp mode: FAIL_OPEN, os: win32, os version: 10.0.22631"}
{"level":"INFO","message":"[3:47:14.295 PM]: Connection[id: 3d76f6a4-537a-4c21-9be8-4452977b9316] additional details: passcode in password is provided, passcode is not provided, private key is not provided, application: undefined, client name: snowflake-sdk, client version: 1.15.0, retry timeout: 300, private key path: undefined, private key pass is not provided, client store temporary credential: false, browser response timeout: 120000"}
{"level":"INFO","message":"[3:47:14.296 PM]: Connection[id: 3d76f6a4-537a-4c21-9be8-4452977b9316] - connection object created successfully."}
{"level":"INFO","message":"[3:47:14.296 PM]: Connection[id: 3d76f6a4-537a-4c21-9be8-4452977b9316] - connecting. Associated Snowflake domain: GLOBAL"}
{"level":"INFO","message":"[3:47:14.297 PM]: Connection[id: 3d76f6a4-537a-4c21-9be8-4452977b9316] - authentication successful using: SNOWFLAKE"}
{"level":"INFO","message":"[3:47:14.299 PM]: Connection[id: 3d76f6a4-537a-4c21-9be8-4452977b9316] - connected successfully after 2.3660999999992782 milliseconds"}
{"level":"INFO","message":"[3:47:14.310 PM]: Creating new connection object"}
{"level":"INFO","message":"[3:47:14.311 PM]: Creating Connection[id: 27a2ec0a-0a17-46ea-9053-d0933b1382b8] with host: pppxlve-ynb88788.snowflakecomputing.com, account: pppxlve-ynb88788, accessUrl: https://pppxlve-ynb88788.snowflakecomputing.com, user: multiquip_app_user, password is provided, role: undefined, database: MULTIQUIP_DB, schema: CONSTRUCTION, warehouse: MULTIQUIP_WH, region: undefined, authenticator: SNOWFLAKE, ocsp mode: FAIL_OPEN, os: win32, os version: 10.0.22631"}
{"level":"INFO","message":"[3:47:14.313 PM]: Connection[id: 27a2ec0a-0a17-46ea-9053-d0933b1382b8] additional details: passcode in password is provided, passcode is not provided, private key is not provided, application: undefined, client name: snowflake-sdk, client version: 1.15.0, retry timeout: 300, private key path: undefined, private key pass is not provided, client store temporary credential: false, browser response timeout: 120000"}
{"level":"INFO","message":"[3:47:14.313 PM]: Connection[id: 27a2ec0a-0a17-46ea-9053-d0933b1382b8] - connection object created successfully."}
{"level":"INFO","message":"[3:47:14.314 PM]: Connection[id: 27a2ec0a-0a17-46ea-9053-d0933b1382b8] - connecting. Associated Snowflake domain: GLOBAL"}
{"level":"INFO","message":"[3:47:14.315 PM]: Connection[id: 27a2ec0a-0a17-46ea-9053-d0933b1382b8] - authentication successful using: SNOWFLAKE"}
{"level":"INFO","message":"[3:47:14.317 PM]: Connection[id: 27a2ec0a-0a17-46ea-9053-d0933b1382b8] - connected successfully after 2.9785999999985506 milliseconds"}
{"level":"INFO","message":"[3:52:13.838 PM]: Creating new connection object"}
{"level":"INFO","message":"[3:52:13.840 PM]: Creating Connection[id: 30cd90fd-e54c-46ea-bd46-12bd5623dcad] with host: pppxlve-ynb88788.snowflakecomputing.com, account: pppxlve-ynb88788, accessUrl: https://pppxlve-ynb88788.snowflakecomputing.com, user: multiquip_app_user, password is provided, role: undefined, database: MULTIQUIP_DB, schema: CONSTRUCTION, warehouse: MULTIQUIP_WH, region: undefined, authenticator: SNOWFLAKE, ocsp mode: FAIL_OPEN, os: win32, os version: 10.0.22631"}
{"level":"INFO","message":"[3:52:13.840 PM]: Connection[id: 30cd90fd-e54c-46ea-bd46-12bd5623dcad] additional details: passcode in password is provided, passcode is not provided, private key is not provided, application: undefined, client name: snowflake-sdk, client version: 1.15.0, retry timeout: 300, private key path: undefined, private key pass is not provided, client store temporary credential: false, browser response timeout: 120000"}
{"level":"INFO","message":"[3:52:13.840 PM]: Connection[id: 30cd90fd-e54c-46ea-bd46-12bd5623dcad] - connection object created successfully."}
{"level":"INFO","message":"[3:52:13.841 PM]: Connection[id: 30cd90fd-e54c-46ea-bd46-12bd5623dcad] - connecting. Associated Snowflake domain: GLOBAL"}
{"level":"INFO","message":"[3:52:13.841 PM]: Connection[id: 30cd90fd-e54c-46ea-bd46-12bd5623dcad] - authentication successful using: SNOWFLAKE"}
{"level":"INFO","message":"[3:52:13.842 PM]: Connection[id: 30cd90fd-e54c-46ea-bd46-12bd5623dcad] - connected successfully after 1.0106999999843538 milliseconds"}
{"level":"INFO","message":"[3:52:14.178 PM]: Creating new connection object"}
{"level":"INFO","message":"[3:52:14.178 PM]: Creating Connection[id: 0c3e1840-7f21-4cd2-a0e2-3791898c5200] with host: pppxlve-ynb88788.snowflakecomputing.com, account: pppxlve-ynb88788, accessUrl: https://pppxlve-ynb88788.snowflakecomputing.com, user: multiquip_app_user, password is provided, role: undefined, database: MULTIQUIP_DB, schema: CONSTRUCTION, warehouse: MULTIQUIP_WH, region: undefined, authenticator: SNOWFLAKE, ocsp mode: FAIL_OPEN, os: win32, os version: 10.0.22631"}
{"level":"INFO","message":"[3:52:14.179 PM]: Connection[id: 0c3e1840-7f21-4cd2-a0e2-3791898c5200] additional details: passcode in password is provided, passcode is not provided, private key is not provided, application: undefined, client name: snowflake-sdk, client version: 1.15.0, retry timeout: 300, private key path: undefined, private key pass is not provided, client store temporary credential: false, browser response timeout: 120000"}
{"level":"INFO","message":"[3:52:14.179 PM]: Connection[id: 0c3e1840-7f21-4cd2-a0e2-3791898c5200] - connection object created successfully."}
{"level":"INFO","message":"[3:52:14.179 PM]: Connection[id: 0c3e1840-7f21-4cd2-a0e2-3791898c5200] - connecting. Associated Snowflake domain: GLOBAL"}
{"level":"INFO","message":"[3:52:14.179 PM]: Connection[id: 0c3e1840-7f21-4cd2-a0e2-3791898c5200] - authentication successful using: SNOWFLAKE"}
{"level":"INFO","message":"[3:52:14.180 PM]: Connection[id: 0c3e1840-7f21-4cd2-a0e2-3791898c5200] - connected successfully after 0.5233000000007451 milliseconds"}
{"level":"INFO","message":"[3:57:13.956 PM]: Creating new connection object"}
{"level":"INFO","message":"[3:57:13.956 PM]: Creating Connection[id: 31d07cf8-a74f-45d8-9de6-65907a18c1d8] with host: pppxlve-ynb88788.snowflakecomputing.com, account: pppxlve-ynb88788, accessUrl: https://pppxlve-ynb88788.snowflakecomputing.com, user: multiquip_app_user, password is provided, role: undefined, database: MULTIQUIP_DB, schema: CONSTRUCTION, warehouse: MULTIQUIP_WH, region: undefined, authenticator: SNOWFLAKE, ocsp mode: FAIL_OPEN, os: win32, os version: 10.0.22631"}
{"level":"INFO","message":"[3:57:13.957 PM]: Connection[id: 31d07cf8-a74f-45d8-9de6-65907a18c1d8] additional details: passcode in password is provided, passcode is not provided, private key is not provided, application: undefined, client name: snowflake-sdk, client version: 1.15.0, retry timeout: 300, private key path: undefined, private key pass is not provided, client store temporary credential: false, browser response timeout: 120000"}
{"level":"INFO","message":"[3:57:13.957 PM]: Connection[id: 31d07cf8-a74f-45d8-9de6-65907a18c1d8] - connection object created successfully."}
{"level":"INFO","message":"[3:57:13.957 PM]: Connection[id: 31d07cf8-a74f-45d8-9de6-65907a18c1d8] - connecting. Associated Snowflake domain: GLOBAL"}
{"level":"INFO","message":"[3:57:13.957 PM]: Connection[id: 31d07cf8-a74f-45d8-9de6-65907a18c1d8] - authentication successful using: SNOWFLAKE"}
{"level":"INFO","message":"[3:57:13.958 PM]: Connection[id: 31d07cf8-a74f-45d8-9de6-65907a18c1d8] - connected successfully after 0.6694999999599531 milliseconds"}
{"level":"INFO","message":"[3:57:14.417 PM]: Creating new connection object"}
{"level":"INFO","message":"[3:57:14.417 PM]: Creating Connection[id: c3defd83-624f-41f3-9c4e-2226cf1f3801] with host: pppxlve-ynb88788.snowflakecomputing.com, account: pppxlve-ynb88788, accessUrl: https://pppxlve-ynb88788.snowflakecomputing.com, user: multiquip_app_user, password is provided, role: undefined, database: MULTIQUIP_DB, schema: CONSTRUCTION, warehouse: MULTIQUIP_WH, region: undefined, authenticator: SNOWFLAKE, ocsp mode: FAIL_OPEN, os: win32, os version: 10.0.22631"}
{"level":"INFO","message":"[3:57:14.417 PM]: Connection[id: c3defd83-624f-41f3-9c4e-2226cf1f3801] additional details: passcode in password is provided, passcode is not provided, private key is not provided, application: undefined, client name: snowflake-sdk, client version: 1.15.0, retry timeout: 300, private key path: undefined, private key pass is not provided, client store temporary credential: false, browser response timeout: 120000"}
{"level":"INFO","message":"[3:57:14.417 PM]: Connection[id: c3defd83-624f-41f3-9c4e-2226cf1f3801] - connection object created successfully."}
{"level":"INFO","message":"[3:57:14.417 PM]: Connection[id: c3defd83-624f-41f3-9c4e-2226cf1f3801] - connecting. Associated Snowflake domain: GLOBAL"}
{"level":"INFO","message":"[3:57:14.418 PM]: Connection[id: c3defd83-624f-41f3-9c4e-2226cf1f3801] - authentication successful using: SNOWFLAKE"}
{"level":"INFO","message":"[3:57:14.418 PM]: Connection[id: c3defd83-624f-41f3-9c4e-2226cf1f3801] - connected successfully after 0.6666999999433756 milliseconds"}
{"level":"INFO","message":"[4:02:13.956 PM]: Creating new connection object"}
{"level":"INFO","message":"[4:02:13.956 PM]: Creating Connection[id: f9ef1547-19db-4346-a199-320643591ec4] with host: pppxlve-ynb88788.snowflakecomputing.com, account: pppxlve-ynb88788, accessUrl: https://pppxlve-ynb88788.snowflakecomputing.com, user: multiquip_app_user, password is provided, role: undefined, database: MULTIQUIP_DB, schema: CONSTRUCTION, warehouse: MULTIQUIP_WH, region: undefined, authenticator: SNOWFLAKE, ocsp mode: FAIL_OPEN, os: win32, os version: 10.0.22631"}
{"level":"INFO","message":"[4:02:13.956 PM]: Connection[id: f9ef1547-19db-4346-a199-320643591ec4] additional details: passcode in password is provided, passcode is not provided, private key is not provided, application: undefined, client name: snowflake-sdk, client version: 1.15.0, retry timeout: 300, private key path: undefined, private key pass is not provided, client store temporary credential: false, browser response timeout: 120000"}
{"level":"INFO","message":"[4:02:13.957 PM]: Connection[id: f9ef1547-19db-4346-a199-320643591ec4] - connection object created successfully."}
{"level":"INFO","message":"[4:02:13.957 PM]: Connection[id: f9ef1547-19db-4346-a199-320643591ec4] - connecting. Associated Snowflake domain: GLOBAL"}
{"level":"INFO","message":"[4:02:13.957 PM]: Connection[id: f9ef1547-19db-4346-a199-320643591ec4] - authentication successful using: SNOWFLAKE"}
{"level":"INFO","message":"[4:02:13.958 PM]: Connection[id: f9ef1547-19db-4346-a199-320643591ec4] - connected successfully after 0.47479999996721745 milliseconds"}
{"level":"INFO","message":"[4:02:14.291 PM]: Creating new connection object"}
{"level":"INFO","message":"[4:02:14.292 PM]: Creating Connection[id: 6dd38ab8-5bb7-4fcc-93e5-0a7d9dda2735] with host: pppxlve-ynb88788.snowflakecomputing.com, account: pppxlve-ynb88788, accessUrl: https://pppxlve-ynb88788.snowflakecomputing.com, user: multiquip_app_user, password is provided, role: undefined, database: MULTIQUIP_DB, schema: CONSTRUCTION, warehouse: MULTIQUIP_WH, region: undefined, authenticator: SNOWFLAKE, ocsp mode: FAIL_OPEN, os: win32, os version: 10.0.22631"}
{"level":"INFO","message":"[4:02:14.292 PM]: Connection[id: 6dd38ab8-5bb7-4fcc-93e5-0a7d9dda2735] additional details: passcode in password is provided, passcode is not provided, private key is not provided, application: undefined, client name: snowflake-sdk, client version: 1.15.0, retry timeout: 300, private key path: undefined, private key pass is not provided, client store temporary credential: false, browser response timeout: 120000"}
{"level":"INFO","message":"[4:02:14.292 PM]: Connection[id: 6dd38ab8-5bb7-4fcc-93e5-0a7d9dda2735] - connection object created successfully."}
{"level":"INFO","message":"[4:02:14.292 PM]: Connection[id: 6dd38ab8-5bb7-4fcc-93e5-0a7d9dda2735] - connecting. Associated Snowflake domain: GLOBAL"}
{"level":"INFO","message":"[4:02:14.292 PM]: Connection[id: 6dd38ab8-5bb7-4fcc-93e5-0a7d9dda2735] - authentication successful using: SNOWFLAKE"}
{"level":"INFO","message":"[4:02:14.293 PM]: Connection[id: 6dd38ab8-5bb7-4fcc-93e5-0a7d9dda2735] - connected successfully after 0.44880000001285225 milliseconds"}
{"level":"INFO","message":"[4:07:13.968 PM]: Creating new connection object"}
{"level":"INFO","message":"[4:07:13.970 PM]: Creating Connection[id: d3bcf664-2f42-43c8-90ea-d81e000e06d0] with host: pppxlve-ynb88788.snowflakecomputing.com, account: pppxlve-ynb88788, accessUrl: https://pppxlve-ynb88788.snowflakecomputing.com, user: multiquip_app_user, password is provided, role: undefined, database: MULTIQUIP_DB, schema: CONSTRUCTION, warehouse: MULTIQUIP_WH, region: undefined, authenticator: SNOWFLAKE, ocsp mode: FAIL_OPEN, os: win32, os version: 10.0.22631"}
{"level":"INFO","message":"[4:07:13.970 PM]: Connection[id: d3bcf664-2f42-43c8-90ea-d81e000e06d0] additional details: passcode in password is provided, passcode is not provided, private key is not provided, application: undefined, client name: snowflake-sdk, client version: 1.15.0, retry timeout: 300, private key path: undefined, private key pass is not provided, client store temporary credential: false, browser response timeout: 120000"}
{"level":"INFO","message":"[4:07:13.971 PM]: Connection[id: d3bcf664-2f42-43c8-90ea-d81e000e06d0] - connection object created successfully."}
{"level":"INFO","message":"[4:07:13.971 PM]: Connection[id: d3bcf664-2f42-43c8-90ea-d81e000e06d0] - connecting. Associated Snowflake domain: GLOBAL"}
{"level":"INFO","message":"[4:07:13.971 PM]: Connection[id: d3bcf664-2f42-43c8-90ea-d81e000e06d0] - authentication successful using: SNOWFLAKE"}
{"level":"INFO","message":"[4:07:13.972 PM]: Connection[id: d3bcf664-2f42-43c8-90ea-d81e000e06d0] - connected successfully after 0.670600000070408 milliseconds"}
{"level":"INFO","message":"[4:16:21.366 PM]: Creating new connection object"}
{"level":"INFO","message":"[4:16:21.368 PM]: Creating Connection[id: 68e95c21-3be0-43fe-a95c-e48c3488b1b0] with host: pppxlve-ynb88788.snowflakecomputing.com, account: pppxlve-ynb88788, accessUrl: https://pppxlve-ynb88788.snowflakecomputing.com, user: multiquip_app_user, password is provided, role: undefined, database: MULTIQUIP_DB, schema: CONSTRUCTION, warehouse: MULTIQUIP_WH, region: undefined, authenticator: SNOWFLAKE, ocsp mode: FAIL_OPEN, os: win32, os version: 10.0.22631"}
{"level":"INFO","message":"[4:16:21.369 PM]: Connection[id: 68e95c21-3be0-43fe-a95c-e48c3488b1b0] additional details: passcode in password is provided, passcode is not provided, private key is not provided, application: undefined, client name: snowflake-sdk, client version: 1.15.0, retry timeout: 300, private key path: undefined, private key pass is not provided, client store temporary credential: false, browser response timeout: 120000"}
{"level":"INFO","message":"[4:16:21.369 PM]: Connection[id: 68e95c21-3be0-43fe-a95c-e48c3488b1b0] - connection object created successfully."}
{"level":"INFO","message":"[4:16:21.370 PM]: Connection[id: 68e95c21-3be0-43fe-a95c-e48c3488b1b0] - connecting. Associated Snowflake domain: GLOBAL"}
{"level":"INFO","message":"[4:16:21.370 PM]: Connection[id: 68e95c21-3be0-43fe-a95c-e48c3488b1b0] - authentication successful using: SNOWFLAKE"}
{"level":"INFO","message":"[4:16:21.372 PM]: Connection[id: 68e95c21-3be0-43fe-a95c-e48c3488b1b0] - connected successfully after 2.1106999998446554 milliseconds"}
{"level":"INFO","message":"[4:16:21.378 PM]: Creating new connection object"}
{"level":"INFO","message":"[4:16:21.380 PM]: Creating Connection[id: f15d3f63-119b-4bcb-8a63-df645e62fb08] with host: pppxlve-ynb88788.snowflakecomputing.com, account: pppxlve-ynb88788, accessUrl: https://pppxlve-ynb88788.snowflakecomputing.com, user: multiquip_app_user, password is provided, role: undefined, database: MULTIQUIP_DB, schema: CONSTRUCTION, warehouse: MULTIQUIP_WH, region: undefined, authenticator: SNOWFLAKE, ocsp mode: FAIL_OPEN, os: win32, os version: 10.0.22631"}
{"level":"INFO","message":"[4:16:21.381 PM]: Connection[id: f15d3f63-119b-4bcb-8a63-df645e62fb08] additional details: passcode in password is provided, passcode is not provided, private key is not provided, application: undefined, client name: snowflake-sdk, client version: 1.15.0, retry timeout: 300, private key path: undefined, private key pass is not provided, client store temporary credential: false, browser response timeout: 120000"}
{"level":"INFO","message":"[4:16:21.381 PM]: Connection[id: f15d3f63-119b-4bcb-8a63-df645e62fb08] - connection object created successfully."}
{"level":"INFO","message":"[4:16:21.382 PM]: Connection[id: f15d3f63-119b-4bcb-8a63-df645e62fb08] - connecting. Associated Snowflake domain: GLOBAL"}
{"level":"INFO","message":"[4:16:21.387 PM]: Connection[id: f15d3f63-119b-4bcb-8a63-df645e62fb08] - authentication successful using: SNOWFLAKE"}
{"level":"INFO","message":"[4:16:21.388 PM]: Connection[id: f15d3f63-119b-4bcb-8a63-df645e62fb08] - connected successfully after 6.628299999982119 milliseconds"}
{"level":"INFO","message":"[4:17:04.678 PM]: Creating new connection object"}
{"level":"INFO","message":"[4:17:04.725 PM]: Creating Connection[id: 38321705-75a4-48db-9480-406a81690693] with host: pppxlve-ynb88788.snowflakecomputing.com, account: pppxlve-ynb88788, accessUrl: https://pppxlve-ynb88788.snowflakecomputing.com, user: multiquip_app_user, password is provided, role: undefined, database: MULTIQUIP_DB, schema: CONSTRUCTION, warehouse: MULTIQUIP_WH, region: undefined, authenticator: SNOWFLAKE, ocsp mode: FAIL_OPEN, os: win32, os version: 10.0.22631"}
{"level":"INFO","message":"[4:17:04.726 PM]: Connection[id: 38321705-75a4-48db-9480-406a81690693] additional details: passcode in password is provided, passcode is not provided, private key is not provided, application: undefined, client name: snowflake-sdk, client version: 1.15.0, retry timeout: 300, private key path: undefined, private key pass is not provided, client store temporary credential: false, browser response timeout: 120000"}
{"level":"INFO","message":"[4:17:04.728 PM]: Connection[id: 38321705-75a4-48db-9480-406a81690693] - connection object created successfully."}
{"level":"INFO","message":"[4:17:04.729 PM]: Connection[id: 38321705-75a4-48db-9480-406a81690693] - connecting. Associated Snowflake domain: GLOBAL"}
{"level":"INFO","message":"[4:17:04.731 PM]: Connection[id: 38321705-75a4-48db-9480-406a81690693] - authentication successful using: SNOWFLAKE"}
{"level":"INFO","message":"[4:17:04.732 PM]: Trying to initialize Easy Logging"}
{"level":"INFO","message":"[4:17:04.736 PM]: Creating new connection object"}
{"level":"INFO","message":"[4:17:04.737 PM]: Creating Connection[id: 5b6b4e78-a3bf-4c50-bdde-7d391849b26a] with host: pppxlve-ynb88788.snowflakecomputing.com, account: pppxlve-ynb88788, accessUrl: https://pppxlve-ynb88788.snowflakecomputing.com, user: multiquip_app_user, password is provided, role: undefined, database: MULTIQUIP_DB, schema: CONSTRUCTION, warehouse: MULTIQUIP_WH, region: undefined, authenticator: SNOWFLAKE, ocsp mode: FAIL_OPEN, os: win32, os version: 10.0.22631"}
{"level":"INFO","message":"[4:17:04.738 PM]: Connection[id: 5b6b4e78-a3bf-4c50-bdde-7d391849b26a] additional details: passcode in password is provided, passcode is not provided, private key is not provided, application: undefined, client name: snowflake-sdk, client version: 1.15.0, retry timeout: 300, private key path: undefined, private key pass is not provided, client store temporary credential: false, browser response timeout: 120000"}
{"level":"INFO","message":"[4:17:04.739 PM]: Connection[id: 5b6b4e78-a3bf-4c50-bdde-7d391849b26a] - connection object created successfully."}
{"level":"INFO","message":"[4:17:04.739 PM]: Connection[id: 5b6b4e78-a3bf-4c50-bdde-7d391849b26a] - connecting. Associated Snowflake domain: GLOBAL"}
{"level":"INFO","message":"[4:17:04.740 PM]: Connection[id: 5b6b4e78-a3bf-4c50-bdde-7d391849b26a] - authentication successful using: SNOWFLAKE"}
{"level":"INFO","message":"[4:17:04.740 PM]: Trying to initialize Easy Logging"}
{"level":"INFO","message":"[4:17:04.743 PM]: No client config detected."}
{"level":"INFO","message":"[4:17:04.744 PM]: No config file path found. Client config will not be used."}
{"level":"INFO","message":"[4:17:04.744 PM]: Easy Logging is disabled as no config has been found"}
{"level":"INFO","message":"[4:17:04.749 PM]: Connection[id: 38321705-75a4-48db-9480-406a81690693] - connected successfully after 19.795500000000175 milliseconds"}
{"level":"INFO","message":"[4:17:04.867 PM]: No client config detected."}
{"level":"INFO","message":"[4:17:04.868 PM]: No config file path found. Client config will not be used."}
{"level":"INFO","message":"[4:17:04.869 PM]: Easy Logging is disabled as no config has been found"}
{"level":"INFO","message":"[4:17:04.870 PM]: Connection[id: 5b6b4e78-a3bf-4c50-bdde-7d391849b26a] - connected successfully after 130.9338000000007 milliseconds"}
{"level":"INFO","message":"[4:21:21.974 PM]: Creating new connection object"}
{"level":"INFO","message":"[4:21:21.976 PM]: Creating Connection[id: 08744f9f-17cb-4d4a-8d64-ef0ac59cdc81] with host: pppxlve-ynb88788.snowflakecomputing.com, account: pppxlve-ynb88788, accessUrl: https://pppxlve-ynb88788.snowflakecomputing.com, user: multiquip_app_user, password is provided, role: undefined, database: MULTIQUIP_DB, schema: CONSTRUCTION, warehouse: MULTIQUIP_WH, region: undefined, authenticator: SNOWFLAKE, ocsp mode: FAIL_OPEN, os: win32, os version: 10.0.22631"}
{"level":"INFO","message":"[4:21:21.977 PM]: Connection[id: 08744f9f-17cb-4d4a-8d64-ef0ac59cdc81] additional details: passcode in password is provided, passcode is not provided, private key is not provided, application: undefined, client name: snowflake-sdk, client version: 1.15.0, retry timeout: 300, private key path: undefined, private key pass is not provided, client store temporary credential: false, browser response timeout: 120000"}
{"level":"INFO","message":"[4:21:21.978 PM]: Connection[id: 08744f9f-17cb-4d4a-8d64-ef0ac59cdc81] - connection object created successfully."}
{"level":"INFO","message":"[4:21:21.978 PM]: Connection[id: 08744f9f-17cb-4d4a-8d64-ef0ac59cdc81] - connecting. Associated Snowflake domain: GLOBAL"}
{"level":"INFO","message":"[4:21:21.979 PM]: Connection[id: 08744f9f-17cb-4d4a-8d64-ef0ac59cdc81] - authentication successful using: SNOWFLAKE"}
{"level":"INFO","message":"[4:21:21.980 PM]: Connection[id: 08744f9f-17cb-4d4a-8d64-ef0ac59cdc81] - connected successfully after 1.6112999999895692 milliseconds"}
{"level":"INFO","message":"[4:22:04.972 PM]: Creating new connection object"}
{"level":"INFO","message":"[4:22:04.972 PM]: Creating Connection[id: e19360df-dd7f-48dd-8d06-af084c556e43] with host: pppxlve-ynb88788.snowflakecomputing.com, account: pppxlve-ynb88788, accessUrl: https://pppxlve-ynb88788.snowflakecomputing.com, user: multiquip_app_user, password is provided, role: undefined, database: MULTIQUIP_DB, schema: CONSTRUCTION, warehouse: MULTIQUIP_WH, region: undefined, authenticator: SNOWFLAKE, ocsp mode: FAIL_OPEN, os: win32, os version: 10.0.22631"}
{"level":"INFO","message":"[4:22:04.973 PM]: Connection[id: e19360df-dd7f-48dd-8d06-af084c556e43] additional details: passcode in password is provided, passcode is not provided, private key is not provided, application: undefined, client name: snowflake-sdk, client version: 1.15.0, retry timeout: 300, private key path: undefined, private key pass is not provided, client store temporary credential: false, browser response timeout: 120000"}
{"level":"INFO","message":"[4:22:04.973 PM]: Connection[id: e19360df-dd7f-48dd-8d06-af084c556e43] - connection object created successfully."}
{"level":"INFO","message":"[4:22:04.973 PM]: Connection[id: e19360df-dd7f-48dd-8d06-af084c556e43] - connecting. Associated Snowflake domain: GLOBAL"}
{"level":"INFO","message":"[4:22:04.973 PM]: Connection[id: e19360df-dd7f-48dd-8d06-af084c556e43] - authentication successful using: SNOWFLAKE"}
{"level":"INFO","message":"[4:22:04.974 PM]: Connection[id: e19360df-dd7f-48dd-8d06-af084c556e43] - connected successfully after 0.8423999999649823 milliseconds"}
{"level":"INFO","message":"[4:26:21.972 PM]: Creating new connection object"}
{"level":"INFO","message":"[4:26:21.974 PM]: Creating Connection[id: 52b3a6a1-2a1b-4a01-869e-05e1e2f6afa9] with host: pppxlve-ynb88788.snowflakecomputing.com, account: pppxlve-ynb88788, accessUrl: https://pppxlve-ynb88788.snowflakecomputing.com, user: multiquip_app_user, password is provided, role: undefined, database: MULTIQUIP_DB, schema: CONSTRUCTION, warehouse: MULTIQUIP_WH, region: undefined, authenticator: SNOWFLAKE, ocsp mode: FAIL_OPEN, os: win32, os version: 10.0.22631"}
{"level":"INFO","message":"[4:26:21.974 PM]: Connection[id: 52b3a6a1-2a1b-4a01-869e-05e1e2f6afa9] additional details: passcode in password is provided, passcode is not provided, private key is not provided, application: undefined, client name: snowflake-sdk, client version: 1.15.0, retry timeout: 300, private key path: undefined, private key pass is not provided, client store temporary credential: false, browser response timeout: 120000"}
{"level":"INFO","message":"[4:26:21.975 PM]: Connection[id: 52b3a6a1-2a1b-4a01-869e-05e1e2f6afa9] - connection object created successfully."}
{"level":"INFO","message":"[4:26:21.975 PM]: Connection[id: 52b3a6a1-2a1b-4a01-869e-05e1e2f6afa9] - connecting. Associated Snowflake domain: GLOBAL"}
{"level":"INFO","message":"[4:26:21.975 PM]: Connection[id: 52b3a6a1-2a1b-4a01-869e-05e1e2f6afa9] - authentication successful using: SNOWFLAKE"}
{"level":"INFO","message":"[4:26:21.977 PM]: Connection[id: 52b3a6a1-2a1b-4a01-869e-05e1e2f6afa9] - connected successfully after 1.7260999999707565 milliseconds"}
{"level":"INFO","message":"[4:27:04.930 PM]: Creating new connection object"}
{"level":"INFO","message":"[4:27:04.937 PM]: Creating Connection[id: 8321dcc4-3e9d-4073-9a0a-38a2122f1f33] with host: pppxlve-ynb88788.snowflakecomputing.com, account: pppxlve-ynb88788, accessUrl: https://pppxlve-ynb88788.snowflakecomputing.com, user: multiquip_app_user, password is provided, role: undefined, database: MULTIQUIP_DB, schema: CONSTRUCTION, warehouse: MULTIQUIP_WH, region: undefined, authenticator: SNOWFLAKE, ocsp mode: FAIL_OPEN, os: win32, os version: 10.0.22631"}
{"level":"INFO","message":"[4:27:04.937 PM]: Connection[id: 8321dcc4-3e9d-4073-9a0a-38a2122f1f33] additional details: passcode in password is provided, passcode is not provided, private key is not provided, application: undefined, client name: snowflake-sdk, client version: 1.15.0, retry timeout: 300, private key path: undefined, private key pass is not provided, client store temporary credential: false, browser response timeout: 120000"}
{"level":"INFO","message":"[4:27:04.938 PM]: Connection[id: 8321dcc4-3e9d-4073-9a0a-38a2122f1f33] - connection object created successfully."}
{"level":"INFO","message":"[4:27:04.938 PM]: Connection[id: 8321dcc4-3e9d-4073-9a0a-38a2122f1f33] - connecting. Associated Snowflake domain: GLOBAL"}
{"level":"INFO","message":"[4:27:04.938 PM]: Connection[id: 8321dcc4-3e9d-4073-9a0a-38a2122f1f33] - authentication successful using: SNOWFLAKE"}
{"level":"INFO","message":"[4:27:04.939 PM]: Connection[id: 8321dcc4-3e9d-4073-9a0a-38a2122f1f33] - connected successfully after 1.290000000037253 milliseconds"}
{"level":"INFO","message":"[4:29:14.947 PM]: Creating new connection object"}
{"level":"INFO","message":"[4:29:14.948 PM]: Creating Connection[id: 63ab032a-d701-4e47-b52b-0f355c4f127b] with host: pppxlve-ynb88788.snowflakecomputing.com, account: pppxlve-ynb88788, accessUrl: https://pppxlve-ynb88788.snowflakecomputing.com, user: multiquip_app_user, password is provided, role: undefined, database: MULTIQUIP_DB, schema: CONSTRUCTION, warehouse: MULTIQUIP_WH, region: undefined, authenticator: SNOWFLAKE, ocsp mode: FAIL_OPEN, os: win32, os version: 10.0.22631"}
{"level":"INFO","message":"[4:29:14.948 PM]: Connection[id: 63ab032a-d701-4e47-b52b-0f355c4f127b] additional details: passcode in password is provided, passcode is not provided, private key is not provided, application: undefined, client name: snowflake-sdk, client version: 1.15.0, retry timeout: 300, private key path: undefined, private key pass is not provided, client store temporary credential: false, browser response timeout: 120000"}
{"level":"INFO","message":"[4:29:14.948 PM]: Connection[id: 63ab032a-d701-4e47-b52b-0f355c4f127b] - connection object created successfully."}
{"level":"INFO","message":"[4:29:14.948 PM]: Connection[id: 63ab032a-d701-4e47-b52b-0f355c4f127b] - connecting. Associated Snowflake domain: GLOBAL"}
{"level":"INFO","message":"[4:29:14.948 PM]: Connection[id: 63ab032a-d701-4e47-b52b-0f355c4f127b] - authentication successful using: SNOWFLAKE"}
{"level":"INFO","message":"[4:29:14.949 PM]: Connection[id: 63ab032a-d701-4e47-b52b-0f355c4f127b] - connected successfully after 0.6726000000489876 milliseconds"}
{"level":"INFO","message":"[4:29:14.953 PM]: Creating new connection object"}
{"level":"INFO","message":"[4:29:14.953 PM]: Creating Connection[id: c1bb8e91-352e-46b6-8f54-c025aa357081] with host: pppxlve-ynb88788.snowflakecomputing.com, account: pppxlve-ynb88788, accessUrl: https://pppxlve-ynb88788.snowflakecomputing.com, user: multiquip_app_user, password is provided, role: undefined, database: MULTIQUIP_DB, schema: CONSTRUCTION, warehouse: MULTIQUIP_WH, region: undefined, authenticator: SNOWFLAKE, ocsp mode: FAIL_OPEN, os: win32, os version: 10.0.22631"}
{"level":"INFO","message":"[4:29:14.954 PM]: Connection[id: c1bb8e91-352e-46b6-8f54-c025aa357081] additional details: passcode in password is provided, passcode is not provided, private key is not provided, application: undefined, client name: snowflake-sdk, client version: 1.15.0, retry timeout: 300, private key path: undefined, private key pass is not provided, client store temporary credential: false, browser response timeout: 120000"}
{"level":"INFO","message":"[4:29:14.954 PM]: Connection[id: c1bb8e91-352e-46b6-8f54-c025aa357081] - connection object created successfully."}
{"level":"INFO","message":"[4:29:14.954 PM]: Connection[id: c1bb8e91-352e-46b6-8f54-c025aa357081] - connecting. Associated Snowflake domain: GLOBAL"}
{"level":"INFO","message":"[4:29:14.954 PM]: Connection[id: c1bb8e91-352e-46b6-8f54-c025aa357081] - authentication successful using: SNOWFLAKE"}
{"level":"INFO","message":"[4:29:14.956 PM]: Connection[id: c1bb8e91-352e-46b6-8f54-c025aa357081] - connected successfully after 1.3092999999644235 milliseconds"}
{"level":"INFO","message":"[4:29:16.433 PM]: Creating new connection object"}
{"level":"INFO","message":"[4:29:16.437 PM]: Creating Connection[id: 91691d85-923a-4574-a294-9f5bc4d4c85c] with host: pppxlve-ynb88788.snowflakecomputing.com, account: pppxlve-ynb88788, accessUrl: https://pppxlve-ynb88788.snowflakecomputing.com, user: multiquip_app_user, password is provided, role: undefined, database: MULTIQUIP_DB, schema: CONSTRUCTION, warehouse: MULTIQUIP_WH, region: undefined, authenticator: SNOWFLAKE, ocsp mode: FAIL_OPEN, os: win32, os version: 10.0.22631"}
{"level":"INFO","message":"[4:29:16.437 PM]: Connection[id: 91691d85-923a-4574-a294-9f5bc4d4c85c] additional details: passcode in password is provided, passcode is not provided, private key is not provided, application: undefined, client name: snowflake-sdk, client version: 1.15.0, retry timeout: 300, private key path: undefined, private key pass is not provided, client store temporary credential: false, browser response timeout: 120000"}
{"level":"INFO","message":"[4:29:16.438 PM]: Connection[id: 91691d85-923a-4574-a294-9f5bc4d4c85c] - connection object created successfully."}
{"level":"INFO","message":"[4:29:16.438 PM]: Connection[id: 91691d85-923a-4574-a294-9f5bc4d4c85c] - connecting. Associated Snowflake domain: GLOBAL"}
{"level":"INFO","message":"[4:29:16.440 PM]: Connection[id: 91691d85-923a-4574-a294-9f5bc4d4c85c] - authentication successful using: SNOWFLAKE"}
{"level":"INFO","message":"[4:29:16.441 PM]: Connection[id: 91691d85-923a-4574-a294-9f5bc4d4c85c] - connected successfully after 2.6951000000117347 milliseconds"}
{"level":"INFO","message":"[4:29:16.445 PM]: Creating new connection object"}
{"level":"INFO","message":"[4:29:16.447 PM]: Creating Connection[id: 597f003c-6569-4c84-99c3-3f0710f4d74d] with host: pppxlve-ynb88788.snowflakecomputing.com, account: pppxlve-ynb88788, accessUrl: https://pppxlve-ynb88788.snowflakecomputing.com, user: multiquip_app_user, password is provided, role: undefined, database: MULTIQUIP_DB, schema: CONSTRUCTION, warehouse: MULTIQUIP_WH, region: undefined, authenticator: SNOWFLAKE, ocsp mode: FAIL_OPEN, os: win32, os version: 10.0.22631"}
{"level":"INFO","message":"[4:29:16.448 PM]: Connection[id: 597f003c-6569-4c84-99c3-3f0710f4d74d] additional details: passcode in password is provided, passcode is not provided, private key is not provided, application: undefined, client name: snowflake-sdk, client version: 1.15.0, retry timeout: 300, private key path: undefined, private key pass is not provided, client store temporary credential: false, browser response timeout: 120000"}
{"level":"INFO","message":"[4:29:16.448 PM]: Connection[id: 597f003c-6569-4c84-99c3-3f0710f4d74d] - connection object created successfully."}
{"level":"INFO","message":"[4:29:16.449 PM]: Connection[id: 597f003c-6569-4c84-99c3-3f0710f4d74d] - connecting. Associated Snowflake domain: GLOBAL"}
{"level":"INFO","message":"[4:29:16.449 PM]: Connection[id: 597f003c-6569-4c84-99c3-3f0710f4d74d] - authentication successful using: SNOWFLAKE"}
{"level":"INFO","message":"[4:29:16.450 PM]: Connection[id: 597f003c-6569-4c84-99c3-3f0710f4d74d] - connected successfully after 1.456400000024587 milliseconds"}
{"level":"INFO","message":"[4:32:04.970 PM]: Creating new connection object"}
{"level":"INFO","message":"[4:32:04.972 PM]: Creating Connection[id: 897a9cfb-c69a-471e-a6af-fc968b87ff79] with host: pppxlve-ynb88788.snowflakecomputing.com, account: pppxlve-ynb88788, accessUrl: https://pppxlve-ynb88788.snowflakecomputing.com, user: multiquip_app_user, password is provided, role: undefined, database: MULTIQUIP_DB, schema: CONSTRUCTION, warehouse: MULTIQUIP_WH, region: undefined, authenticator: SNOWFLAKE, ocsp mode: FAIL_OPEN, os: win32, os version: 10.0.22631"}
{"level":"INFO","message":"[4:32:04.972 PM]: Connection[id: 897a9cfb-c69a-471e-a6af-fc968b87ff79] additional details: passcode in password is provided, passcode is not provided, private key is not provided, application: undefined, client name: snowflake-sdk, client version: 1.15.0, retry timeout: 300, private key path: undefined, private key pass is not provided, client store temporary credential: false, browser response timeout: 120000"}
{"level":"INFO","message":"[4:32:04.972 PM]: Connection[id: 897a9cfb-c69a-471e-a6af-fc968b87ff79] - connection object created successfully."}
{"level":"INFO","message":"[4:32:04.973 PM]: Connection[id: 897a9cfb-c69a-471e-a6af-fc968b87ff79] - connecting. Associated Snowflake domain: GLOBAL"}
{"level":"INFO","message":"[4:32:04.973 PM]: Connection[id: 897a9cfb-c69a-471e-a6af-fc968b87ff79] - authentication successful using: SNOWFLAKE"}
{"level":"INFO","message":"[4:32:04.975 PM]: Connection[id: 897a9cfb-c69a-471e-a6af-fc968b87ff79] - connected successfully after 2.5059999999357387 milliseconds"}
{"level":"INFO","message":"[4:34:15.966 PM]: Creating new connection object"}
{"level":"INFO","message":"[4:34:15.966 PM]: Creating Connection[id: bac0cc78-f54b-465b-bd1b-b55611696bea] with host: pppxlve-ynb88788.snowflakecomputing.com, account: pppxlve-ynb88788, accessUrl: https://pppxlve-ynb88788.snowflakecomputing.com, user: multiquip_app_user, password is provided, role: undefined, database: MULTIQUIP_DB, schema: CONSTRUCTION, warehouse: MULTIQUIP_WH, region: undefined, authenticator: SNOWFLAKE, ocsp mode: FAIL_OPEN, os: win32, os version: 10.0.22631"}
{"level":"INFO","message":"[4:34:15.967 PM]: Connection[id: bac0cc78-f54b-465b-bd1b-b55611696bea] additional details: passcode in password is provided, passcode is not provided, private key is not provided, application: undefined, client name: snowflake-sdk, client version: 1.15.0, retry timeout: 300, private key path: undefined, private key pass is not provided, client store temporary credential: false, browser response timeout: 120000"}
{"level":"INFO","message":"[4:34:15.967 PM]: Connection[id: bac0cc78-f54b-465b-bd1b-b55611696bea] - connection object created successfully."}
{"level":"INFO","message":"[4:34:15.967 PM]: Connection[id: bac0cc78-f54b-465b-bd1b-b55611696bea] - connecting. Associated Snowflake domain: GLOBAL"}
{"level":"INFO","message":"[4:34:15.967 PM]: Connection[id: bac0cc78-f54b-465b-bd1b-b55611696bea] - authentication successful using: SNOWFLAKE"}
{"level":"INFO","message":"[4:34:15.968 PM]: Connection[id: bac0cc78-f54b-465b-bd1b-b55611696bea] - connected successfully after 0.5315999999875203 milliseconds"}
{"level":"INFO","message":"[4:34:16.963 PM]: Creating new connection object"}
{"level":"INFO","message":"[4:34:16.963 PM]: Creating Connection[id: e93a830b-87ab-472d-9c9d-9da5a9b9f342] with host: pppxlve-ynb88788.snowflakecomputing.com, account: pppxlve-ynb88788, accessUrl: https://pppxlve-ynb88788.snowflakecomputing.com, user: multiquip_app_user, password is provided, role: undefined, database: MULTIQUIP_DB, schema: CONSTRUCTION, warehouse: MULTIQUIP_WH, region: undefined, authenticator: SNOWFLAKE, ocsp mode: FAIL_OPEN, os: win32, os version: 10.0.22631"}
{"level":"INFO","message":"[4:34:16.963 PM]: Connection[id: e93a830b-87ab-472d-9c9d-9da5a9b9f342] additional details: passcode in password is provided, passcode is not provided, private key is not provided, application: undefined, client name: snowflake-sdk, client version: 1.15.0, retry timeout: 300, private key path: undefined, private key pass is not provided, client store temporary credential: false, browser response timeout: 120000"}
{"level":"INFO","message":"[4:34:16.963 PM]: Connection[id: e93a830b-87ab-472d-9c9d-9da5a9b9f342] - connection object created successfully."}
{"level":"INFO","message":"[4:34:16.964 PM]: Connection[id: e93a830b-87ab-472d-9c9d-9da5a9b9f342] - connecting. Associated Snowflake domain: GLOBAL"}
{"level":"INFO","message":"[4:34:16.964 PM]: Connection[id: e93a830b-87ab-472d-9c9d-9da5a9b9f342] - authentication successful using: SNOWFLAKE"}
{"level":"INFO","message":"[4:34:16.964 PM]: Connection[id: e93a830b-87ab-472d-9c9d-9da5a9b9f342] - connected successfully after 0.5520999999716878 milliseconds"}
{"level":"INFO","message":"[4:37:04.965 PM]: Creating new connection object"}
{"level":"INFO","message":"[4:37:04.966 PM]: Creating Connection[id: 1085b415-1edc-44d8-8464-7d2f480ee527] with host: pppxlve-ynb88788.snowflakecomputing.com, account: pppxlve-ynb88788, accessUrl: https://pppxlve-ynb88788.snowflakecomputing.com, user: multiquip_app_user, password is provided, role: undefined, database: MULTIQUIP_DB, schema: CONSTRUCTION, warehouse: MULTIQUIP_WH, region: undefined, authenticator: SNOWFLAKE, ocsp mode: FAIL_OPEN, os: win32, os version: 10.0.22631"}
{"level":"INFO","message":"[4:37:04.966 PM]: Connection[id: 1085b415-1edc-44d8-8464-7d2f480ee527] additional details: passcode in password is provided, passcode is not provided, private key is not provided, application: undefined, client name: snowflake-sdk, client version: 1.15.0, retry timeout: 300, private key path: undefined, private key pass is not provided, client store temporary credential: false, browser response timeout: 120000"}
{"level":"INFO","message":"[4:37:04.966 PM]: Connection[id: 1085b415-1edc-44d8-8464-7d2f480ee527] - connection object created successfully."}
{"level":"INFO","message":"[4:37:04.966 PM]: Connection[id: 1085b415-1edc-44d8-8464-7d2f480ee527] - connecting. Associated Snowflake domain: GLOBAL"}
{"level":"INFO","message":"[4:37:04.966 PM]: Connection[id: 1085b415-1edc-44d8-8464-7d2f480ee527] - authentication successful using: SNOWFLAKE"}
{"level":"INFO","message":"[4:37:04.967 PM]: Connection[id: 1085b415-1edc-44d8-8464-7d2f480ee527] - connected successfully after 0.9454999999143183 milliseconds"}
{"level":"INFO","message":"[4:39:15.969 PM]: Creating new connection object"}
{"level":"INFO","message":"[4:39:15.970 PM]: Creating Connection[id: 166a3cf0-d3b8-4907-ad00-4e4e7cfa40ae] with host: pppxlve-ynb88788.snowflakecomputing.com, account: pppxlve-ynb88788, accessUrl: https://pppxlve-ynb88788.snowflakecomputing.com, user: multiquip_app_user, password is provided, role: undefined, database: MULTIQUIP_DB, schema: CONSTRUCTION, warehouse: MULTIQUIP_WH, region: undefined, authenticator: SNOWFLAKE, ocsp mode: FAIL_OPEN, os: win32, os version: 10.0.22631"}
{"level":"INFO","message":"[4:39:15.971 PM]: Connection[id: 166a3cf0-d3b8-4907-ad00-4e4e7cfa40ae] additional details: passcode in password is provided, passcode is not provided, private key is not provided, application: undefined, client name: snowflake-sdk, client version: 1.15.0, retry timeout: 300, private key path: undefined, private key pass is not provided, client store temporary credential: false, browser response timeout: 120000"}
{"level":"INFO","message":"[4:39:15.971 PM]: Connection[id: 166a3cf0-d3b8-4907-ad00-4e4e7cfa40ae] - connection object created successfully."}
{"level":"INFO","message":"[4:39:15.971 PM]: Connection[id: 166a3cf0-d3b8-4907-ad00-4e4e7cfa40ae] - connecting. Associated Snowflake domain: GLOBAL"}
{"level":"INFO","message":"[4:39:15.972 PM]: Connection[id: 166a3cf0-d3b8-4907-ad00-4e4e7cfa40ae] - authentication successful using: SNOWFLAKE"}
{"level":"INFO","message":"[4:39:15.973 PM]: Connection[id: 166a3cf0-d3b8-4907-ad00-4e4e7cfa40ae] - connected successfully after 1.472499999916181 milliseconds"}
{"level":"INFO","message":"[4:39:16.955 PM]: Creating new connection object"}
{"level":"INFO","message":"[4:39:16.956 PM]: Creating Connection[id: 8bcfc514-c9f1-4efd-95d2-3c4cf7b297d9] with host: pppxlve-ynb88788.snowflakecomputing.com, account: pppxlve-ynb88788, accessUrl: https://pppxlve-ynb88788.snowflakecomputing.com, user: multiquip_app_user, password is provided, role: undefined, database: MULTIQUIP_DB, schema: CONSTRUCTION, warehouse: MULTIQUIP_WH, region: undefined, authenticator: SNOWFLAKE, ocsp mode: FAIL_OPEN, os: win32, os version: 10.0.22631"}
{"level":"INFO","message":"[4:39:16.956 PM]: Connection[id: 8bcfc514-c9f1-4efd-95d2-3c4cf7b297d9] additional details: passcode in password is provided, passcode is not provided, private key is not provided, application: undefined, client name: snowflake-sdk, client version: 1.15.0, retry timeout: 300, private key path: undefined, private key pass is not provided, client store temporary credential: false, browser response timeout: 120000"}
{"level":"INFO","message":"[4:39:16.956 PM]: Connection[id: 8bcfc514-c9f1-4efd-95d2-3c4cf7b297d9] - connection object created successfully."}
{"level":"INFO","message":"[4:39:16.956 PM]: Connection[id: 8bcfc514-c9f1-4efd-95d2-3c4cf7b297d9] - connecting. Associated Snowflake domain: GLOBAL"}
{"level":"INFO","message":"[4:39:16.957 PM]: Connection[id: 8bcfc514-c9f1-4efd-95d2-3c4cf7b297d9] - authentication successful using: SNOWFLAKE"}
{"level":"INFO","message":"[4:39:16.957 PM]: Connection[id: 8bcfc514-c9f1-4efd-95d2-3c4cf7b297d9] - connected successfully after 1.1639999998733401 milliseconds"}
{"level":"INFO","message":"[4:42:04.951 PM]: Creating new connection object"}
{"level":"INFO","message":"[4:42:04.953 PM]: Creating Connection[id: 4ae6bd72-54be-4284-81c9-18f88abd6c78] with host: pppxlve-ynb88788.snowflakecomputing.com, account: pppxlve-ynb88788, accessUrl: https://pppxlve-ynb88788.snowflakecomputing.com, user: multiquip_app_user, password is provided, role: undefined, database: MULTIQUIP_DB, schema: CONSTRUCTION, warehouse: MULTIQUIP_WH, region: undefined, authenticator: SNOWFLAKE, ocsp mode: FAIL_OPEN, os: win32, os version: 10.0.22631"}
{"level":"INFO","message":"[4:42:04.953 PM]: Connection[id: 4ae6bd72-54be-4284-81c9-18f88abd6c78] additional details: passcode in password is provided, passcode is not provided, private key is not provided, application: undefined, client name: snowflake-sdk, client version: 1.15.0, retry timeout: 300, private key path: undefined, private key pass is not provided, client store temporary credential: false, browser response timeout: 120000"}
{"level":"INFO","message":"[4:42:04.954 PM]: Connection[id: 4ae6bd72-54be-4284-81c9-18f88abd6c78] - connection object created successfully."}
{"level":"INFO","message":"[4:42:04.954 PM]: Connection[id: 4ae6bd72-54be-4284-81c9-18f88abd6c78] - connecting. Associated Snowflake domain: GLOBAL"}
{"level":"INFO","message":"[4:42:04.954 PM]: Connection[id: 4ae6bd72-54be-4284-81c9-18f88abd6c78] - authentication successful using: SNOWFLAKE"}
{"level":"INFO","message":"[4:42:04.955 PM]: Connection[id: 4ae6bd72-54be-4284-81c9-18f88abd6c78] - connected successfully after 0.8844000000972301 milliseconds"}
{"level":"INFO","message":"[4:44:15.969 PM]: Creating new connection object"}
{"level":"INFO","message":"[4:44:15.970 PM]: Creating Connection[id: 3b4b80c3-3805-4dc1-92d8-6098fdaea0c8] with host: pppxlve-ynb88788.snowflakecomputing.com, account: pppxlve-ynb88788, accessUrl: https://pppxlve-ynb88788.snowflakecomputing.com, user: multiquip_app_user, password is provided, role: undefined, database: MULTIQUIP_DB, schema: CONSTRUCTION, warehouse: MULTIQUIP_WH, region: undefined, authenticator: SNOWFLAKE, ocsp mode: FAIL_OPEN, os: win32, os version: 10.0.22631"}
{"level":"INFO","message":"[4:44:15.970 PM]: Connection[id: 3b4b80c3-3805-4dc1-92d8-6098fdaea0c8] additional details: passcode in password is provided, passcode is not provided, private key is not provided, application: undefined, client name: snowflake-sdk, client version: 1.15.0, retry timeout: 300, private key path: undefined, private key pass is not provided, client store temporary credential: false, browser response timeout: 120000"}
{"level":"INFO","message":"[4:44:15.970 PM]: Connection[id: 3b4b80c3-3805-4dc1-92d8-6098fdaea0c8] - connection object created successfully."}
{"level":"INFO","message":"[4:44:15.971 PM]: Connection[id: 3b4b80c3-3805-4dc1-92d8-6098fdaea0c8] - connecting. Associated Snowflake domain: GLOBAL"}
{"level":"INFO","message":"[4:44:15.971 PM]: Connection[id: 3b4b80c3-3805-4dc1-92d8-6098fdaea0c8] - authentication successful using: SNOWFLAKE"}
{"level":"INFO","message":"[4:44:15.972 PM]: Connection[id: 3b4b80c3-3805-4dc1-92d8-6098fdaea0c8] - connected successfully after 0.621599999954924 milliseconds"}
{"level":"INFO","message":"[4:44:16.958 PM]: Creating new connection object"}
{"level":"INFO","message":"[4:44:16.959 PM]: Creating Connection[id: 74746085-83ff-4b1e-a7fc-ed37cebaf39a] with host: pppxlve-ynb88788.snowflakecomputing.com, account: pppxlve-ynb88788, accessUrl: https://pppxlve-ynb88788.snowflakecomputing.com, user: multiquip_app_user, password is provided, role: undefined, database: MULTIQUIP_DB, schema: CONSTRUCTION, warehouse: MULTIQUIP_WH, region: undefined, authenticator: SNOWFLAKE, ocsp mode: FAIL_OPEN, os: win32, os version: 10.0.22631"}
{"level":"INFO","message":"[4:44:16.959 PM]: Connection[id: 74746085-83ff-4b1e-a7fc-ed37cebaf39a] additional details: passcode in password is provided, passcode is not provided, private key is not provided, application: undefined, client name: snowflake-sdk, client version: 1.15.0, retry timeout: 300, private key path: undefined, private key pass is not provided, client store temporary credential: false, browser response timeout: 120000"}
{"level":"INFO","message":"[4:44:16.959 PM]: Connection[id: 74746085-83ff-4b1e-a7fc-ed37cebaf39a] - connection object created successfully."}
{"level":"INFO","message":"[4:44:16.959 PM]: Connection[id: 74746085-83ff-4b1e-a7fc-ed37cebaf39a] - connecting. Associated Snowflake domain: GLOBAL"}
{"level":"INFO","message":"[4:44:16.960 PM]: Connection[id: 74746085-83ff-4b1e-a7fc-ed37cebaf39a] - authentication successful using: SNOWFLAKE"}
{"level":"INFO","message":"[4:44:16.960 PM]: Connection[id: 74746085-83ff-4b1e-a7fc-ed37cebaf39a] - connected successfully after 0.7456999998539686 milliseconds"}
